start training Encore-cvae in 2025-7-24 9:5:00
start training app=app_182 in 2025-7-24 9:5:02
encoder parameters: 449856, decoder parameters: 442006
epoch: 10000, loss: 0.0049, recon: 0.0049, kld: 6.6651, lr: 1.00e-03, time: 142.83s
accuracy: 5.19e-02/6.42e-02/8.92e-02/1.03e-01/1.23e-01
coverage: 5.17e-02/6.33e-02/7.94e-02/9.31e-02/1.21e-01
----------------------------------------------------------------------------------------------------
epoch: 20000, loss: 0.0028, recon: 0.0028, kld: 6.1601, lr: 9.00e-04, time: 281.59s
accuracy: 4.40e-02/4.97e-02/5.97e-02/6.27e-02/7.55e-02
coverage: 4.50e-02/5.34e-02/6.04e-02/7.14e-02/9.75e-02
----------------------------------------------------------------------------------------------------
epoch: 30000, loss: 0.0023, recon: 0.0022, kld: 5.6571, lr: 9.00e-04, time: 417.73s
accuracy: 4.47e-02/5.20e-02/6.34e-02/6.94e-02/7.90e-02
coverage: 4.42e-02/5.42e-02/7.33e-02/8.94e-02/1.24e-01
----------------------------------------------------------------------------------------------------
epoch: 40000, loss: 0.0021, recon: 0.0020, kld: 5.5258, lr: 8.10e-04, time: 547.58s
accuracy: 4.18e-02/4.81e-02/5.35e-02/5.92e-02/6.42e-02
coverage: 4.33e-02/5.48e-02/7.05e-02/8.40e-02/1.15e-01
----------------------------------------------------------------------------------------------------
epoch: 50000, loss: 0.0019, recon: 0.0019, kld: 5.1323, lr: 8.10e-04, time: 677.92s
accuracy: 3.93e-02/4.64e-02/5.25e-02/5.74e-02/6.14e-02
coverage: 4.12e-02/4.89e-02/5.86e-02/7.04e-02/8.56e-02
kld_weight=2.00e-05
----------------------------------------------------------------------------------------------------
epoch: 60000, loss: 0.0018, recon: 0.0017, kld: 4.4989, lr: 7.29e-04, time: 821.52s
accuracy: 4.00e-02/4.96e-02/6.47e-02/7.09e-02/9.45e-02
coverage: 3.84e-02/5.04e-02/6.23e-02/7.34e-02/1.09e-01
kld_weight=4.00e-05
----------------------------------------------------------------------------------------------------
epoch: 70000, loss: 0.0018, recon: 0.0016, kld: 3.9902, lr: 7.29e-04, time: 960.84s
accuracy: 3.97e-02/4.87e-02/5.70e-02/6.22e-02/6.66e-02
coverage: 3.86e-02/4.83e-02/6.11e-02/8.15e-02/1.32e-01
kld_weight=8.00e-05
----------------------------------------------------------------------------------------------------
epoch: 80000, loss: 0.0019, recon: 0.0016, kld: 3.6661, lr: 6.56e-04, time: 1106.64s
accuracy: 4.06e-02/4.95e-02/6.97e-02/7.71e-02/9.86e-02
coverage: 4.06e-02/5.83e-02/6.90e-02/8.03e-02/1.30e-01
kld_weight=1.60e-04
----------------------------------------------------------------------------------------------------
epoch: 90000, loss: 0.0021, recon: 0.0016, kld: 3.3566, lr: 6.56e-04, time: 1246.70s
accuracy: 3.83e-02/4.56e-02/5.47e-02/6.43e-02/7.69e-02
coverage: 3.77e-02/4.71e-02/5.74e-02/6.58e-02/1.35e-01
kld_weight=3.20e-04
----------------------------------------------------------------------------------------------------
epoch: 100000, loss: 0.0026, recon: 0.0016, kld: 3.0845, lr: 5.90e-04, time: 1381.28s
accuracy: 3.75e-02/4.44e-02/5.00e-02/5.57e-02/6.53e-02
coverage: 3.79e-02/4.62e-02/5.89e-02/8.02e-02/1.63e-01
kld_weight=6.40e-04
----------------------------------------------------------------------------------------------------
epoch: 110000, loss: 0.0035, recon: 0.0017, kld: 2.8068, lr: 5.90e-04, time: 1516.82s
accuracy: 3.78e-02/4.56e-02/5.14e-02/5.82e-02/7.40e-02
coverage: 3.63e-02/4.33e-02/5.46e-02/5.97e-02/7.85e-02
kld_weight=1.28e-03
----------------------------------------------------------------------------------------------------
epoch: 120000, loss: 0.0051, recon: 0.0019, kld: 2.4812, lr: 5.31e-04, time: 1651.38s
accuracy: 3.62e-02/4.40e-02/5.04e-02/5.47e-02/6.14e-02
coverage: 3.56e-02/4.30e-02/5.33e-02/6.20e-02/1.20e-01
kld_weight=2.56e-03
----------------------------------------------------------------------------------------------------
epoch: 130000, loss: 0.0076, recon: 0.0027, kld: 1.8961, lr: 5.31e-04, time: 1789.21s
accuracy: 3.58e-02/4.36e-02/5.06e-02/5.49e-02/6.19e-02
coverage: 3.60e-02/4.37e-02/5.13e-02/6.16e-02/6.74e-02
----------------------------------------------------------------------------------------------------
epoch: 140000, loss: 0.0070, recon: 0.0029, kld: 1.5920, lr: 4.78e-04, time: 1934.65s
accuracy: 3.53e-02/4.36e-02/4.76e-02/5.07e-02/6.17e-02
coverage: 3.48e-02/4.26e-02/5.10e-02/5.82e-02/7.48e-02
----------------------------------------------------------------------------------------------------
epoch: 150000, loss: 0.0065, recon: 0.0029, kld: 1.3836, lr: 4.78e-04, time: 2072.03s
accuracy: 3.66e-02/4.28e-02/4.94e-02/5.53e-02/6.63e-02
coverage: 3.41e-02/4.45e-02/5.50e-02/6.76e-02/8.42e-02
----------------------------------------------------------------------------------------------------
epoch: 160000, loss: 0.0062, recon: 0.0029, kld: 1.2696, lr: 4.30e-04, time: 2199.23s
accuracy: 3.67e-02/4.46e-02/5.61e-02/5.99e-02/6.51e-02
coverage: 3.71e-02/4.32e-02/5.28e-02/6.43e-02/7.31e-02
----------------------------------------------------------------------------------------------------
epoch: 170000, loss: 0.0059, recon: 0.0028, kld: 1.1995, lr: 4.30e-04, time: 2339.36s
accuracy: 3.43e-02/4.04e-02/4.64e-02/5.61e-02/6.25e-02
coverage: 3.41e-02/4.33e-02/5.18e-02/6.17e-02/7.64e-02
----------------------------------------------------------------------------------------------------
epoch: 180000, loss: 0.0057, recon: 0.0027, kld: 1.1460, lr: 3.87e-04, time: 2478.40s
accuracy: 3.62e-02/4.27e-02/4.97e-02/5.47e-02/6.37e-02
coverage: 3.51e-02/4.42e-02/5.11e-02/5.48e-02/6.54e-02
----------------------------------------------------------------------------------------------------
epoch: 190000, loss: 0.0055, recon: 0.0026, kld: 1.1028, lr: 3.87e-04, time: 2616.72s
accuracy: 3.52e-02/4.08e-02/4.76e-02/5.34e-02/6.64e-02
coverage: 3.50e-02/4.35e-02/5.46e-02/6.35e-02/7.27e-02
----------------------------------------------------------------------------------------------------
epoch: 200000, loss: 0.0053, recon: 0.0026, kld: 1.0632, lr: 3.49e-04, time: 2754.68s
accuracy: 3.49e-02/3.95e-02/4.82e-02/5.02e-02/5.47e-02
coverage: 3.34e-02/4.14e-02/5.46e-02/6.53e-02/8.97e-02
----------------------------------------------------------------------------------------------------
epoch: 210000, loss: 0.0052, recon: 0.0025, kld: 1.0289, lr: 3.49e-04, time: 2896.18s
accuracy: 3.32e-02/4.10e-02/4.80e-02/5.27e-02/6.19e-02
coverage: 3.12e-02/4.30e-02/5.25e-02/6.19e-02/6.72e-02
----------------------------------------------------------------------------------------------------
epoch: 220000, loss: 0.0050, recon: 0.0025, kld: 1.0103, lr: 3.14e-04, time: 3037.56s
accuracy: 3.61e-02/4.21e-02/4.93e-02/5.22e-02/6.43e-02
coverage: 3.44e-02/4.40e-02/5.65e-02/6.40e-02/7.00e-02
----------------------------------------------------------------------------------------------------
epoch: 230000, loss: 0.0049, recon: 0.0024, kld: 0.9888, lr: 3.14e-04, time: 3176.14s
accuracy: 3.53e-02/4.10e-02/4.66e-02/5.15e-02/5.85e-02
coverage: 3.54e-02/4.40e-02/5.11e-02/5.77e-02/7.83e-02
----------------------------------------------------------------------------------------------------
epoch: 240000, loss: 0.0049, recon: 0.0024, kld: 0.9723, lr: 2.82e-04, time: 3314.02s
accuracy: 3.40e-02/4.05e-02/4.66e-02/5.28e-02/5.73e-02
coverage: 3.40e-02/4.14e-02/4.89e-02/5.29e-02/6.57e-02
----------------------------------------------------------------------------------------------------
epoch: 250000, loss: 0.0048, recon: 0.0023, kld: 0.9561, lr: 2.82e-04, time: 3447.95s
accuracy: 3.40e-02/3.91e-02/4.54e-02/4.93e-02/5.64e-02
coverage: 3.29e-02/4.13e-02/5.21e-02/6.34e-02/8.14e-02
----------------------------------------------------------------------------------------------------
epoch: 260000, loss: 0.0047, recon: 0.0023, kld: 0.9408, lr: 2.54e-04, time: 3587.14s
accuracy: 3.36e-02/4.10e-02/4.66e-02/5.26e-02/6.43e-02
coverage: 3.29e-02/4.27e-02/4.85e-02/5.41e-02/7.51e-02
----------------------------------------------------------------------------------------------------
epoch: 270000, loss: 0.0046, recon: 0.0022, kld: 0.9204, lr: 2.54e-04, time: 3724.86s
accuracy: 3.40e-02/4.17e-02/4.63e-02/4.94e-02/5.65e-02
coverage: 3.32e-02/4.14e-02/5.19e-02/6.26e-02/8.06e-02
----------------------------------------------------------------------------------------------------
epoch: 280000, loss: 0.0045, recon: 0.0022, kld: 0.9124, lr: 2.29e-04, time: 3863.75s
accuracy: 3.27e-02/3.86e-02/4.57e-02/5.42e-02/6.57e-02
coverage: 3.14e-02/4.10e-02/5.34e-02/6.41e-02/7.60e-02
----------------------------------------------------------------------------------------------------
epoch: 290000, loss: 0.0045, recon: 0.0022, kld: 0.9003, lr: 2.29e-04, time: 4002.29s
accuracy: 3.28e-02/4.00e-02/4.91e-02/5.13e-02/5.95e-02
coverage: 3.05e-02/4.33e-02/5.26e-02/6.07e-02/6.98e-02
----------------------------------------------------------------------------------------------------
epoch: 300000, loss: 0.0044, recon: 0.0022, kld: 0.8857, lr: 2.06e-04, time: 4140.55s
accuracy: 3.36e-02/3.96e-02/4.39e-02/4.78e-02/5.37e-02
coverage: 3.28e-02/3.95e-02/4.75e-02/5.24e-02/6.58e-02
----------------------------------------------------------------------------------------------------
Training finished with app=app_182 in 2025-7-24 10:14:09
start training app=app_212 in 2025-7-24 10:14:13
