nohup: ignoring input
n_size: 30, n_interval: 30, start_token: 900
Trainset size: 1281489
Epoch: 10/2000, Epoch time: 23.55s, Total time: 236.87s, Epoch Loss: 0.6533, Avg Loss: 0.6874
--------------------------------------------------------------------------------
Epoch: 20/2000, Epoch time: 23.21s, Total time: 469.22s, Epoch Loss: 0.6092, Avg Loss: 0.6302
--------------------------------------------------------------------------------
Epoch: 30/2000, Epoch time: 23.36s, Total time: 702.79s, Epoch Loss: 0.5741, Avg Loss: 0.5892
--------------------------------------------------------------------------------
Epoch: 40/2000, Epoch time: 22.82s, Total time: 932.83s, Epoch Loss: 0.5459, Avg Loss: 0.5574
--------------------------------------------------------------------------------
Epoch: 50/2000, Epoch time: 23.02s, Total time: 1161.66s, Epoch Loss: 0.5213, Avg Loss: 0.5323
--------------------------------------------------------------------------------
Epoch: 60/2000, Epoch time: 23.30s, Total time: 1394.28s, Epoch Loss: 0.4962, Avg Loss: 0.5079
--------------------------------------------------------------------------------
Epoch: 70/2000, Epoch time: 22.98s, Total time: 1625.25s, Epoch Loss: 0.4719, Avg Loss: 0.4832
--------------------------------------------------------------------------------
Epoch: 80/2000, Epoch time: 23.18s, Total time: 1855.89s, Epoch Loss: 0.4495, Avg Loss: 0.4596
--------------------------------------------------------------------------------
Epoch: 90/2000, Epoch time: 23.32s, Total time: 2089.56s, Epoch Loss: 0.4260, Avg Loss: 0.4368
--------------------------------------------------------------------------------
Epoch: 100/2000, Epoch time: 22.87s, Total time: 2319.41s, Epoch Loss: 0.4077, Avg Loss: 0.4156
--------------------------------------------------------------------------------
Model saved to /mnt/ssd1/hsj/encore/model/tranformer-01-07/encore_transformer_100.pt
Epoch: 110/2000, Epoch time: 23.14s, Total time: 2548.66s, Epoch Loss: 0.3887, Avg Loss: 0.3970
--------------------------------------------------------------------------------
Epoch: 120/2000, Epoch time: 23.38s, Total time: 2782.64s, Epoch Loss: 0.3722, Avg Loss: 0.3793
--------------------------------------------------------------------------------
Epoch: 130/2000, Epoch time: 23.11s, Total time: 3014.02s, Epoch Loss: 0.3573, Avg Loss: 0.3637
--------------------------------------------------------------------------------
Epoch: 140/2000, Epoch time: 23.60s, Total time: 3245.45s, Epoch Loss: 0.3426, Avg Loss: 0.3496
--------------------------------------------------------------------------------
Epoch: 150/2000, Epoch time: 23.22s, Total time: 3479.95s, Epoch Loss: 0.3323, Avg Loss: 0.3374
--------------------------------------------------------------------------------
Epoch: 160/2000, Epoch time: 22.82s, Total time: 3709.55s, Epoch Loss: 0.3198, Avg Loss: 0.3254
--------------------------------------------------------------------------------
Epoch: 170/2000, Epoch time: 23.25s, Total time: 3940.09s, Epoch Loss: 0.3114, Avg Loss: 0.3156
--------------------------------------------------------------------------------
Epoch: 180/2000, Epoch time: 23.29s, Total time: 4174.77s, Epoch Loss: 0.3030, Avg Loss: 0.3063
--------------------------------------------------------------------------------
Epoch: 190/2000, Epoch time: 23.08s, Total time: 4405.36s, Epoch Loss: 0.2942, Avg Loss: 0.2978
--------------------------------------------------------------------------------
Epoch: 200/2000, Epoch time: 23.40s, Total time: 4637.40s, Epoch Loss: 0.2873, Avg Loss: 0.2901
--------------------------------------------------------------------------------
Model saved to /mnt/ssd1/hsj/encore/model/tranformer-01-07/encore_transformer_200.pt
Epoch: 210/2000, Epoch time: 23.34s, Total time: 4873.82s, Epoch Loss: 0.2807, Avg Loss: 0.2834
--------------------------------------------------------------------------------
Epoch: 220/2000, Epoch time: 22.96s, Total time: 5104.77s, Epoch Loss: 0.2740, Avg Loss: 0.2767
--------------------------------------------------------------------------------
Epoch: 230/2000, Epoch time: 23.54s, Total time: 5337.01s, Epoch Loss: 0.2682, Avg Loss: 0.2707
--------------------------------------------------------------------------------
Epoch: 240/2000, Epoch time: 23.20s, Total time: 5573.32s, Epoch Loss: 0.2630, Avg Loss: 0.2647
--------------------------------------------------------------------------------
Epoch: 250/2000, Epoch time: 23.08s, Total time: 5804.38s, Epoch Loss: 0.2569, Avg Loss: 0.2599
--------------------------------------------------------------------------------
Epoch: 260/2000, Epoch time: 23.68s, Total time: 6038.20s, Epoch Loss: 0.2536, Avg Loss: 0.2555
--------------------------------------------------------------------------------
Epoch: 270/2000, Epoch time: 23.04s, Total time: 6273.00s, Epoch Loss: 0.2494, Avg Loss: 0.2508
--------------------------------------------------------------------------------
Epoch: 280/2000, Epoch time: 23.45s, Total time: 6503.42s, Epoch Loss: 0.2448, Avg Loss: 0.2469
--------------------------------------------------------------------------------
Epoch: 290/2000, Epoch time: 23.50s, Total time: 6736.82s, Epoch Loss: 0.2420, Avg Loss: 0.2431
--------------------------------------------------------------------------------
Epoch: 300/2000, Epoch time: 23.03s, Total time: 6969.68s, Epoch Loss: 0.2372, Avg Loss: 0.2395
--------------------------------------------------------------------------------
Model saved to /mnt/ssd1/hsj/encore/model/tranformer-01-07/encore_transformer_300.pt
Epoch: 310/2000, Epoch time: 22.96s, Total time: 7198.84s, Epoch Loss: 0.2338, Avg Loss: 0.2360
--------------------------------------------------------------------------------
Epoch: 320/2000, Epoch time: 23.32s, Total time: 7430.89s, Epoch Loss: 0.2318, Avg Loss: 0.2330
--------------------------------------------------------------------------------
Epoch: 330/2000, Epoch time: 22.96s, Total time: 7662.23s, Epoch Loss: 0.2290, Avg Loss: 0.2302
--------------------------------------------------------------------------------
Epoch: 340/2000, Epoch time: 23.11s, Total time: 7891.57s, Epoch Loss: 0.2260, Avg Loss: 0.2273
--------------------------------------------------------------------------------
Epoch: 350/2000, Epoch time: 23.37s, Total time: 8124.59s, Epoch Loss: 0.2226, Avg Loss: 0.2246
--------------------------------------------------------------------------------
Epoch: 360/2000, Epoch time: 22.76s, Total time: 8354.37s, Epoch Loss: 0.2210, Avg Loss: 0.2223
--------------------------------------------------------------------------------
Epoch: 370/2000, Epoch time: 22.95s, Total time: 8582.09s, Epoch Loss: 0.2186, Avg Loss: 0.2200
--------------------------------------------------------------------------------
Epoch: 380/2000, Epoch time: 23.49s, Total time: 8815.33s, Epoch Loss: 0.2173, Avg Loss: 0.2175
--------------------------------------------------------------------------------
Epoch: 390/2000, Epoch time: 22.92s, Total time: 9046.38s, Epoch Loss: 0.2149, Avg Loss: 0.2156
--------------------------------------------------------------------------------
Epoch: 400/2000, Epoch time: 22.90s, Total time: 9274.83s, Epoch Loss: 0.2125, Avg Loss: 0.2137
--------------------------------------------------------------------------------
Model saved to /mnt/ssd1/hsj/encore/model/tranformer-01-07/encore_transformer_400.pt
Epoch: 410/2000, Epoch time: 23.41s, Total time: 9506.88s, Epoch Loss: 0.2096, Avg Loss: 0.2114
--------------------------------------------------------------------------------
Epoch: 420/2000, Epoch time: 23.01s, Total time: 9738.32s, Epoch Loss: 0.2098, Avg Loss: 0.2099
--------------------------------------------------------------------------------
Epoch: 430/2000, Epoch time: 22.91s, Total time: 9967.70s, Epoch Loss: 0.2077, Avg Loss: 0.2080
--------------------------------------------------------------------------------
Epoch: 440/2000, Epoch time: 23.49s, Total time: 10200.92s, Epoch Loss: 0.2062, Avg Loss: 0.2065
--------------------------------------------------------------------------------
Epoch: 450/2000, Epoch time: 22.91s, Total time: 10433.32s, Epoch Loss: 0.2038, Avg Loss: 0.2046
--------------------------------------------------------------------------------
Epoch: 460/2000, Epoch time: 23.01s, Total time: 10662.59s, Epoch Loss: 0.2028, Avg Loss: 0.2032
--------------------------------------------------------------------------------
Epoch: 470/2000, Epoch time: 23.49s, Total time: 10895.85s, Epoch Loss: 0.2015, Avg Loss: 0.2019
--------------------------------------------------------------------------------
Epoch: 480/2000, Epoch time: 22.94s, Total time: 11127.50s, Epoch Loss: 0.1996, Avg Loss: 0.2004
--------------------------------------------------------------------------------
Epoch: 490/2000, Epoch time: 22.85s, Total time: 11356.19s, Epoch Loss: 0.1989, Avg Loss: 0.1989
--------------------------------------------------------------------------------
Epoch: 500/2000, Epoch time: 23.35s, Total time: 11588.52s, Epoch Loss: 0.1978, Avg Loss: 0.1979
--------------------------------------------------------------------------------
Model saved to /mnt/ssd1/hsj/encore/model/tranformer-01-07/encore_transformer_500.pt
Epoch: 510/2000, Epoch time: 22.88s, Total time: 11819.57s, Epoch Loss: 0.1964, Avg Loss: 0.1962
--------------------------------------------------------------------------------
Epoch: 520/2000, Epoch time: 22.89s, Total time: 12047.51s, Epoch Loss: 0.1947, Avg Loss: 0.1952
--------------------------------------------------------------------------------
Epoch: 530/2000, Epoch time: 23.32s, Total time: 12279.22s, Epoch Loss: 0.1934, Avg Loss: 0.1940
--------------------------------------------------------------------------------
Epoch: 540/2000, Epoch time: 22.85s, Total time: 12509.83s, Epoch Loss: 0.1926, Avg Loss: 0.1930
--------------------------------------------------------------------------------
Epoch: 550/2000, Epoch time: 22.73s, Total time: 12737.38s, Epoch Loss: 0.1914, Avg Loss: 0.1918
--------------------------------------------------------------------------------
Epoch: 560/2000, Epoch time: 23.25s, Total time: 12967.79s, Epoch Loss: 0.1897, Avg Loss: 0.1906
--------------------------------------------------------------------------------
Epoch: 570/2000, Epoch time: 22.88s, Total time: 13199.16s, Epoch Loss: 0.1904, Avg Loss: 0.1897
--------------------------------------------------------------------------------
Epoch: 580/2000, Epoch time: 22.74s, Total time: 13426.91s, Epoch Loss: 0.1892, Avg Loss: 0.1886
--------------------------------------------------------------------------------
Epoch: 590/2000, Epoch time: 23.27s, Total time: 13657.51s, Epoch Loss: 0.1863, Avg Loss: 0.1874
--------------------------------------------------------------------------------
Epoch: 600/2000, Epoch time: 22.92s, Total time: 13888.46s, Epoch Loss: 0.1868, Avg Loss: 0.1868
--------------------------------------------------------------------------------
Model saved to /mnt/ssd1/hsj/encore/model/tranformer-01-07/encore_transformer_600.pt
Epoch: 610/2000, Epoch time: 22.42s, Total time: 14115.21s, Epoch Loss: 0.1849, Avg Loss: 0.1858
--------------------------------------------------------------------------------
Epoch: 620/2000, Epoch time: 22.25s, Total time: 14338.00s, Epoch Loss: 0.1842, Avg Loss: 0.1849
--------------------------------------------------------------------------------
Epoch: 630/2000, Epoch time: 22.25s, Total time: 14560.14s, Epoch Loss: 0.1832, Avg Loss: 0.1838
--------------------------------------------------------------------------------
Epoch: 640/2000, Epoch time: 22.81s, Total time: 14785.31s, Epoch Loss: 0.1823, Avg Loss: 0.1833
--------------------------------------------------------------------------------
Epoch: 650/2000, Epoch time: 23.23s, Total time: 15016.62s, Epoch Loss: 0.1827, Avg Loss: 0.1824
--------------------------------------------------------------------------------
Epoch: 660/2000, Epoch time: 22.62s, Total time: 15245.87s, Epoch Loss: 0.1817, Avg Loss: 0.1816
--------------------------------------------------------------------------------
Epoch: 670/2000, Epoch time: 22.57s, Total time: 15472.01s, Epoch Loss: 0.1804, Avg Loss: 0.1809
--------------------------------------------------------------------------------
Epoch: 680/2000, Epoch time: 23.21s, Total time: 15701.62s, Epoch Loss: 0.1795, Avg Loss: 0.1800
--------------------------------------------------------------------------------
Epoch: 690/2000, Epoch time: 22.77s, Total time: 15931.65s, Epoch Loss: 0.1789, Avg Loss: 0.1793
--------------------------------------------------------------------------------
Epoch: 700/2000, Epoch time: 22.75s, Total time: 16159.01s, Epoch Loss: 0.1784, Avg Loss: 0.1786
--------------------------------------------------------------------------------
Model saved to /mnt/ssd1/hsj/encore/model/tranformer-01-07/encore_transformer_700.pt
Epoch: 710/2000, Epoch time: 23.30s, Total time: 16389.41s, Epoch Loss: 0.1775, Avg Loss: 0.1777
--------------------------------------------------------------------------------
Epoch: 720/2000, Epoch time: 22.75s, Total time: 16619.33s, Epoch Loss: 0.1760, Avg Loss: 0.1771
--------------------------------------------------------------------------------
Epoch: 730/2000, Epoch time: 22.79s, Total time: 16846.59s, Epoch Loss: 0.1769, Avg Loss: 0.1763
--------------------------------------------------------------------------------
Epoch: 740/2000, Epoch time: 23.30s, Total time: 17077.18s, Epoch Loss: 0.1760, Avg Loss: 0.1756
--------------------------------------------------------------------------------
Epoch: 750/2000, Epoch time: 22.79s, Total time: 17308.24s, Epoch Loss: 0.1753, Avg Loss: 0.1750
--------------------------------------------------------------------------------
Epoch: 760/2000, Epoch time: 22.69s, Total time: 17535.60s, Epoch Loss: 0.1739, Avg Loss: 0.1744
--------------------------------------------------------------------------------
Epoch: 770/2000, Epoch time: 23.18s, Total time: 17764.64s, Epoch Loss: 0.1737, Avg Loss: 0.1737
--------------------------------------------------------------------------------
Epoch: 780/2000, Epoch time: 22.89s, Total time: 17996.16s, Epoch Loss: 0.1733, Avg Loss: 0.1731
--------------------------------------------------------------------------------
Epoch: 790/2000, Epoch time: 22.72s, Total time: 18224.01s, Epoch Loss: 0.1720, Avg Loss: 0.1723
--------------------------------------------------------------------------------
Epoch: 800/2000, Epoch time: 23.01s, Total time: 18452.80s, Epoch Loss: 0.1718, Avg Loss: 0.1718
--------------------------------------------------------------------------------
Model saved to /mnt/ssd1/hsj/encore/model/tranformer-01-07/encore_transformer_800.pt
Epoch: 810/2000, Epoch time: 23.01s, Total time: 18684.58s, Epoch Loss: 0.1716, Avg Loss: 0.1713
--------------------------------------------------------------------------------
Epoch: 820/2000, Epoch time: 22.67s, Total time: 18912.66s, Epoch Loss: 0.1703, Avg Loss: 0.1706
--------------------------------------------------------------------------------
Epoch: 830/2000, Epoch time: 22.94s, Total time: 19140.23s, Epoch Loss: 0.1703, Avg Loss: 0.1701
--------------------------------------------------------------------------------
Epoch: 840/2000, Epoch time: 23.27s, Total time: 19372.04s, Epoch Loss: 0.1699, Avg Loss: 0.1699
--------------------------------------------------------------------------------
Epoch: 850/2000, Epoch time: 22.78s, Total time: 19601.76s, Epoch Loss: 0.1688, Avg Loss: 0.1691
--------------------------------------------------------------------------------
Epoch: 860/2000, Epoch time: 22.86s, Total time: 19829.75s, Epoch Loss: 0.1680, Avg Loss: 0.1684
--------------------------------------------------------------------------------
Epoch: 870/2000, Epoch time: 23.30s, Total time: 20061.78s, Epoch Loss: 0.1674, Avg Loss: 0.1679
--------------------------------------------------------------------------------
Epoch: 880/2000, Epoch time: 22.93s, Total time: 20292.34s, Epoch Loss: 0.1670, Avg Loss: 0.1677
--------------------------------------------------------------------------------
Epoch: 890/2000, Epoch time: 22.91s, Total time: 20521.27s, Epoch Loss: 0.1666, Avg Loss: 0.1671
--------------------------------------------------------------------------------
Epoch: 900/2000, Epoch time: 23.32s, Total time: 20753.12s, Epoch Loss: 0.1664, Avg Loss: 0.1665
--------------------------------------------------------------------------------
Model saved to /mnt/ssd1/hsj/encore/model/tranformer-01-07/encore_transformer_900.pt
Epoch: 910/2000, Epoch time: 22.90s, Total time: 20985.03s, Epoch Loss: 0.1646, Avg Loss: 0.1659
--------------------------------------------------------------------------------
Epoch: 920/2000, Epoch time: 22.92s, Total time: 21213.51s, Epoch Loss: 0.1658, Avg Loss: 0.1656
--------------------------------------------------------------------------------
Epoch: 930/2000, Epoch time: 23.25s, Total time: 21445.07s, Epoch Loss: 0.1647, Avg Loss: 0.1649
--------------------------------------------------------------------------------
Epoch: 940/2000, Epoch time: 22.69s, Total time: 21674.76s, Epoch Loss: 0.1644, Avg Loss: 0.1645
--------------------------------------------------------------------------------
Epoch: 950/2000, Epoch time: 22.77s, Total time: 21901.53s, Epoch Loss: 0.1633, Avg Loss: 0.1641
--------------------------------------------------------------------------------
Epoch: 960/2000, Epoch time: 23.28s, Total time: 22132.64s, Epoch Loss: 0.1638, Avg Loss: 0.1639
--------------------------------------------------------------------------------
Epoch: 970/2000, Epoch time: 23.02s, Total time: 22365.11s, Epoch Loss: 0.1638, Avg Loss: 0.1633
--------------------------------------------------------------------------------
Epoch: 980/2000, Epoch time: 22.84s, Total time: 22594.02s, Epoch Loss: 0.1625, Avg Loss: 0.1626
--------------------------------------------------------------------------------
Epoch: 990/2000, Epoch time: 23.19s, Total time: 22823.88s, Epoch Loss: 0.1631, Avg Loss: 0.1624
--------------------------------------------------------------------------------
Epoch: 1000/2000, Epoch time: 22.96s, Total time: 23055.25s, Epoch Loss: 0.1617, Avg Loss: 0.1618
--------------------------------------------------------------------------------
Model saved to /mnt/ssd1/hsj/encore/model/tranformer-01-07/encore_transformer_1000.pt
Epoch: 1010/2000, Epoch time: 22.70s, Total time: 23282.91s, Epoch Loss: 0.1607, Avg Loss: 0.1616
--------------------------------------------------------------------------------
Epoch: 1020/2000, Epoch time: 23.11s, Total time: 23512.17s, Epoch Loss: 0.1605, Avg Loss: 0.1609
--------------------------------------------------------------------------------
Epoch: 1030/2000, Epoch time: 23.14s, Total time: 23744.90s, Epoch Loss: 0.1604, Avg Loss: 0.1605
--------------------------------------------------------------------------------
Epoch: 1040/2000, Epoch time: 22.70s, Total time: 23973.68s, Epoch Loss: 0.1594, Avg Loss: 0.1600
--------------------------------------------------------------------------------
Epoch: 1050/2000, Epoch time: 23.02s, Total time: 24202.05s, Epoch Loss: 0.1591, Avg Loss: 0.1596
--------------------------------------------------------------------------------
Epoch: 1060/2000, Epoch time: 23.19s, Total time: 24434.94s, Epoch Loss: 0.1591, Avg Loss: 0.1594
--------------------------------------------------------------------------------
Epoch: 1070/2000, Epoch time: 22.68s, Total time: 24664.08s, Epoch Loss: 0.1586, Avg Loss: 0.1588
--------------------------------------------------------------------------------
Epoch: 1080/2000, Epoch time: 22.76s, Total time: 24891.05s, Epoch Loss: 0.1584, Avg Loss: 0.1586
--------------------------------------------------------------------------------
Epoch: 1090/2000, Epoch time: 23.34s, Total time: 25121.78s, Epoch Loss: 0.1582, Avg Loss: 0.1580
--------------------------------------------------------------------------------
Epoch: 1100/2000, Epoch time: 22.85s, Total time: 25353.19s, Epoch Loss: 0.1577, Avg Loss: 0.1577
--------------------------------------------------------------------------------
Model saved to /mnt/ssd1/hsj/encore/model/tranformer-01-07/encore_transformer_1100.pt
Epoch: 1110/2000, Epoch time: 22.68s, Total time: 25580.78s, Epoch Loss: 0.1571, Avg Loss: 0.1572
--------------------------------------------------------------------------------
Epoch: 1120/2000, Epoch time: 23.25s, Total time: 25810.33s, Epoch Loss: 0.1572, Avg Loss: 0.1572
--------------------------------------------------------------------------------
Epoch: 1130/2000, Epoch time: 22.92s, Total time: 26041.64s, Epoch Loss: 0.1561, Avg Loss: 0.1566
--------------------------------------------------------------------------------
Epoch: 1140/2000, Epoch time: 22.72s, Total time: 26270.77s, Epoch Loss: 0.1559, Avg Loss: 0.1565
--------------------------------------------------------------------------------
Epoch: 1150/2000, Epoch time: 23.17s, Total time: 26499.91s, Epoch Loss: 0.1552, Avg Loss: 0.1559
--------------------------------------------------------------------------------
Epoch: 1160/2000, Epoch time: 22.96s, Total time: 26731.21s, Epoch Loss: 0.1553, Avg Loss: 0.1552
--------------------------------------------------------------------------------
Epoch: 1170/2000, Epoch time: 22.60s, Total time: 26958.47s, Epoch Loss: 0.1548, Avg Loss: 0.1551
--------------------------------------------------------------------------------
Epoch: 1180/2000, Epoch time: 22.97s, Total time: 27185.99s, Epoch Loss: 0.1549, Avg Loss: 0.1550
--------------------------------------------------------------------------------
Epoch: 1190/2000, Epoch time: 23.12s, Total time: 27417.57s, Epoch Loss: 0.1543, Avg Loss: 0.1547
--------------------------------------------------------------------------------
Epoch: 1200/2000, Epoch time: 22.62s, Total time: 27645.21s, Epoch Loss: 0.1538, Avg Loss: 0.1543
--------------------------------------------------------------------------------
Model saved to /mnt/ssd1/hsj/encore/model/tranformer-01-07/encore_transformer_1200.pt
Epoch: 1210/2000, Epoch time: 22.79s, Total time: 27871.27s, Epoch Loss: 0.1534, Avg Loss: 0.1535
--------------------------------------------------------------------------------
Epoch: 1220/2000, Epoch time: 23.28s, Total time: 28101.61s, Epoch Loss: 0.1532, Avg Loss: 0.1535
--------------------------------------------------------------------------------
Epoch: 1230/2000, Epoch time: 22.85s, Total time: 28332.78s, Epoch Loss: 0.1533, Avg Loss: 0.1529
--------------------------------------------------------------------------------
Epoch: 1240/2000, Epoch time: 22.81s, Total time: 28560.67s, Epoch Loss: 0.1529, Avg Loss: 0.1527
--------------------------------------------------------------------------------
Epoch: 1250/2000, Epoch time: 23.24s, Total time: 28790.28s, Epoch Loss: 0.1530, Avg Loss: 0.1526
--------------------------------------------------------------------------------
Epoch: 1260/2000, Epoch time: 22.91s, Total time: 29021.74s, Epoch Loss: 0.1520, Avg Loss: 0.1523
--------------------------------------------------------------------------------
Epoch: 1270/2000, Epoch time: 22.72s, Total time: 29248.95s, Epoch Loss: 0.1526, Avg Loss: 0.1519
--------------------------------------------------------------------------------
Epoch: 1280/2000, Epoch time: 22.97s, Total time: 29476.30s, Epoch Loss: 0.1523, Avg Loss: 0.1515
--------------------------------------------------------------------------------
Epoch: 1290/2000, Epoch time: 23.29s, Total time: 29708.15s, Epoch Loss: 0.1506, Avg Loss: 0.1510
--------------------------------------------------------------------------------
Epoch: 1300/2000, Epoch time: 22.74s, Total time: 29937.87s, Epoch Loss: 0.1518, Avg Loss: 0.1510
--------------------------------------------------------------------------------
Model saved to /mnt/ssd1/hsj/encore/model/tranformer-01-07/encore_transformer_1300.pt
Epoch: 1310/2000, Epoch time: 22.75s, Total time: 30164.69s, Epoch Loss: 0.1504, Avg Loss: 0.1507
--------------------------------------------------------------------------------
Epoch: 1320/2000, Epoch time: 23.23s, Total time: 30394.66s, Epoch Loss: 0.1503, Avg Loss: 0.1505
--------------------------------------------------------------------------------
Epoch: 1330/2000, Epoch time: 22.81s, Total time: 30624.95s, Epoch Loss: 0.1495, Avg Loss: 0.1502
--------------------------------------------------------------------------------
Epoch: 1340/2000, Epoch time: 22.75s, Total time: 30852.32s, Epoch Loss: 0.1498, Avg Loss: 0.1499
--------------------------------------------------------------------------------
Epoch: 1350/2000, Epoch time: 23.27s, Total time: 31082.90s, Epoch Loss: 0.1492, Avg Loss: 0.1495
--------------------------------------------------------------------------------
Epoch: 1360/2000, Epoch time: 22.86s, Total time: 31314.19s, Epoch Loss: 0.1485, Avg Loss: 0.1491
--------------------------------------------------------------------------------
Epoch: 1370/2000, Epoch time: 22.69s, Total time: 31541.29s, Epoch Loss: 0.1489, Avg Loss: 0.1490
--------------------------------------------------------------------------------
Epoch: 1380/2000, Epoch time: 23.22s, Total time: 31770.19s, Epoch Loss: 0.1491, Avg Loss: 0.1486
--------------------------------------------------------------------------------
Epoch: 1390/2000, Epoch time: 23.17s, Total time: 32002.26s, Epoch Loss: 0.1484, Avg Loss: 0.1481
--------------------------------------------------------------------------------
Epoch: 1400/2000, Epoch time: 22.62s, Total time: 32230.19s, Epoch Loss: 0.1483, Avg Loss: 0.1480
--------------------------------------------------------------------------------
Model saved to /mnt/ssd1/hsj/encore/model/tranformer-01-07/encore_transformer_1400.pt
Epoch: 1410/2000, Epoch time: 22.89s, Total time: 32457.41s, Epoch Loss: 0.1469, Avg Loss: 0.1476
--------------------------------------------------------------------------------
Epoch: 1420/2000, Epoch time: 22.72s, Total time: 32684.58s, Epoch Loss: 0.1477, Avg Loss: 0.1476
--------------------------------------------------------------------------------
Epoch: 1430/2000, Epoch time: 22.29s, Total time: 32908.95s, Epoch Loss: 0.1470, Avg Loss: 0.1473
--------------------------------------------------------------------------------
Epoch: 1440/2000, Epoch time: 22.41s, Total time: 33132.32s, Epoch Loss: 0.1467, Avg Loss: 0.1470
--------------------------------------------------------------------------------
Epoch: 1450/2000, Epoch time: 22.72s, Total time: 33358.39s, Epoch Loss: 0.1462, Avg Loss: 0.1467
--------------------------------------------------------------------------------
Epoch: 1460/2000, Epoch time: 22.28s, Total time: 33582.80s, Epoch Loss: 0.1468, Avg Loss: 0.1468
--------------------------------------------------------------------------------
Epoch: 1470/2000, Epoch time: 22.35s, Total time: 33805.84s, Epoch Loss: 0.1464, Avg Loss: 0.1461
--------------------------------------------------------------------------------
Epoch: 1480/2000, Epoch time: 22.79s, Total time: 34032.14s, Epoch Loss: 0.1466, Avg Loss: 0.1460
--------------------------------------------------------------------------------
Epoch: 1490/2000, Epoch time: 22.40s, Total time: 34258.51s, Epoch Loss: 0.1459, Avg Loss: 0.1458
--------------------------------------------------------------------------------
Epoch: 1500/2000, Epoch time: 22.30s, Total time: 34482.51s, Epoch Loss: 0.1454, Avg Loss: 0.1455
--------------------------------------------------------------------------------
Model saved to /mnt/ssd1/hsj/encore/model/tranformer-01-07/encore_transformer_1500.pt
Epoch: 1510/2000, Epoch time: 22.83s, Total time: 34707.98s, Epoch Loss: 0.1449, Avg Loss: 0.1453
--------------------------------------------------------------------------------
Epoch: 1520/2000, Epoch time: 22.49s, Total time: 34934.89s, Epoch Loss: 0.1454, Avg Loss: 0.1451
--------------------------------------------------------------------------------
Epoch: 1530/2000, Epoch time: 22.19s, Total time: 35157.71s, Epoch Loss: 0.1452, Avg Loss: 0.1449
--------------------------------------------------------------------------------
Epoch: 1540/2000, Epoch time: 22.61s, Total time: 35381.54s, Epoch Loss: 0.1451, Avg Loss: 0.1447
--------------------------------------------------------------------------------
Epoch: 1550/2000, Epoch time: 22.83s, Total time: 35609.67s, Epoch Loss: 0.1441, Avg Loss: 0.1443
--------------------------------------------------------------------------------
Epoch: 1560/2000, Epoch time: 22.33s, Total time: 35835.23s, Epoch Loss: 0.1448, Avg Loss: 0.1441
--------------------------------------------------------------------------------
Epoch: 1570/2000, Epoch time: 22.08s, Total time: 36056.82s, Epoch Loss: 0.1437, Avg Loss: 0.1438
--------------------------------------------------------------------------------
Epoch: 1580/2000, Epoch time: 22.15s, Total time: 36277.90s, Epoch Loss: 0.1437, Avg Loss: 0.1439
--------------------------------------------------------------------------------
Epoch: 1590/2000, Epoch time: 22.14s, Total time: 36499.25s, Epoch Loss: 0.1427, Avg Loss: 0.1434
--------------------------------------------------------------------------------
Epoch: 1600/2000, Epoch time: 22.47s, Total time: 36722.28s, Epoch Loss: 0.1427, Avg Loss: 0.1433
--------------------------------------------------------------------------------
Model saved to /mnt/ssd1/hsj/encore/model/tranformer-01-07/encore_transformer_1600.pt
Epoch: 1610/2000, Epoch time: 22.71s, Total time: 36949.65s, Epoch Loss: 0.1431, Avg Loss: 0.1430
--------------------------------------------------------------------------------
Epoch: 1620/2000, Epoch time: 22.23s, Total time: 37174.45s, Epoch Loss: 0.1430, Avg Loss: 0.1428
--------------------------------------------------------------------------------
Epoch: 1630/2000, Epoch time: 22.18s, Total time: 37396.46s, Epoch Loss: 0.1424, Avg Loss: 0.1427
--------------------------------------------------------------------------------
Epoch: 1640/2000, Epoch time: 22.64s, Total time: 37621.05s, Epoch Loss: 0.1423, Avg Loss: 0.1423
--------------------------------------------------------------------------------
Epoch: 1650/2000, Epoch time: 22.77s, Total time: 37849.15s, Epoch Loss: 0.1422, Avg Loss: 0.1423
--------------------------------------------------------------------------------
Epoch: 1660/2000, Epoch time: 22.33s, Total time: 38074.15s, Epoch Loss: 0.1422, Avg Loss: 0.1422
--------------------------------------------------------------------------------
Epoch: 1670/2000, Epoch time: 22.40s, Total time: 38297.29s, Epoch Loss: 0.1422, Avg Loss: 0.1417
--------------------------------------------------------------------------------
Epoch: 1680/2000, Epoch time: 22.87s, Total time: 38524.48s, Epoch Loss: 0.1416, Avg Loss: 0.1415
--------------------------------------------------------------------------------
Epoch: 1690/2000, Epoch time: 22.26s, Total time: 38750.63s, Epoch Loss: 0.1418, Avg Loss: 0.1414
--------------------------------------------------------------------------------
Epoch: 1700/2000, Epoch time: 22.18s, Total time: 38972.65s, Epoch Loss: 0.1403, Avg Loss: 0.1413
--------------------------------------------------------------------------------
Model saved to /mnt/ssd1/hsj/encore/model/tranformer-01-07/encore_transformer_1700.pt
Epoch: 1710/2000, Epoch time: 22.67s, Total time: 39196.65s, Epoch Loss: 0.1403, Avg Loss: 0.1407
--------------------------------------------------------------------------------
Epoch: 1720/2000, Epoch time: 22.72s, Total time: 39424.23s, Epoch Loss: 0.1408, Avg Loss: 0.1407
--------------------------------------------------------------------------------
Epoch: 1730/2000, Epoch time: 22.27s, Total time: 39648.07s, Epoch Loss: 0.1399, Avg Loss: 0.1407
--------------------------------------------------------------------------------
Epoch: 1740/2000, Epoch time: 22.46s, Total time: 39870.82s, Epoch Loss: 0.1400, Avg Loss: 0.1403
--------------------------------------------------------------------------------
Epoch: 1750/2000, Epoch time: 22.86s, Total time: 40098.35s, Epoch Loss: 0.1398, Avg Loss: 0.1403
--------------------------------------------------------------------------------
Epoch: 1760/2000, Epoch time: 22.55s, Total time: 40325.87s, Epoch Loss: 0.1395, Avg Loss: 0.1402
--------------------------------------------------------------------------------
Epoch: 1770/2000, Epoch time: 22.29s, Total time: 40549.65s, Epoch Loss: 0.1396, Avg Loss: 0.1400
--------------------------------------------------------------------------------
Epoch: 1780/2000, Epoch time: 22.53s, Total time: 40772.88s, Epoch Loss: 0.1395, Avg Loss: 0.1398
--------------------------------------------------------------------------------
Epoch: 1790/2000, Epoch time: 22.68s, Total time: 41000.07s, Epoch Loss: 0.1391, Avg Loss: 0.1393
--------------------------------------------------------------------------------
Epoch: 1800/2000, Epoch time: 22.34s, Total time: 41224.32s, Epoch Loss: 0.1401, Avg Loss: 0.1394
--------------------------------------------------------------------------------
Model saved to /mnt/ssd1/hsj/encore/model/tranformer-01-07/encore_transformer_1800.pt
Epoch: 1810/2000, Epoch time: 22.37s, Total time: 41447.31s, Epoch Loss: 0.1387, Avg Loss: 0.1393
--------------------------------------------------------------------------------
Epoch: 1820/2000, Epoch time: 22.89s, Total time: 41673.84s, Epoch Loss: 0.1394, Avg Loss: 0.1391
--------------------------------------------------------------------------------
Epoch: 1830/2000, Epoch time: 22.51s, Total time: 41901.22s, Epoch Loss: 0.1390, Avg Loss: 0.1390
--------------------------------------------------------------------------------
Epoch: 1840/2000, Epoch time: 22.54s, Total time: 42125.42s, Epoch Loss: 0.1385, Avg Loss: 0.1386
--------------------------------------------------------------------------------
Epoch: 1850/2000, Epoch time: 22.90s, Total time: 42351.42s, Epoch Loss: 0.1382, Avg Loss: 0.1386
--------------------------------------------------------------------------------
Epoch: 1860/2000, Epoch time: 22.88s, Total time: 42580.73s, Epoch Loss: 0.1387, Avg Loss: 0.1385
--------------------------------------------------------------------------------
Epoch: 1870/2000, Epoch time: 22.44s, Total time: 42806.66s, Epoch Loss: 0.1377, Avg Loss: 0.1382
--------------------------------------------------------------------------------
Epoch: 1880/2000, Epoch time: 22.43s, Total time: 43030.37s, Epoch Loss: 0.1376, Avg Loss: 0.1380
--------------------------------------------------------------------------------
Epoch: 1890/2000, Epoch time: 22.85s, Total time: 43257.77s, Epoch Loss: 0.1383, Avg Loss: 0.1380
--------------------------------------------------------------------------------
Epoch: 1900/2000, Epoch time: 22.34s, Total time: 43483.70s, Epoch Loss: 0.1382, Avg Loss: 0.1378
--------------------------------------------------------------------------------
Model saved to /mnt/ssd1/hsj/encore/model/tranformer-01-07/encore_transformer_1900.pt
Epoch: 1910/2000, Epoch time: 22.36s, Total time: 43706.93s, Epoch Loss: 0.1370, Avg Loss: 0.1376
--------------------------------------------------------------------------------
Epoch: 1920/2000, Epoch time: 22.72s, Total time: 43933.05s, Epoch Loss: 0.1371, Avg Loss: 0.1375
--------------------------------------------------------------------------------
Epoch: 1930/2000, Epoch time: 22.34s, Total time: 44159.32s, Epoch Loss: 0.1373, Avg Loss: 0.1373
--------------------------------------------------------------------------------
Epoch: 1940/2000, Epoch time: 22.30s, Total time: 44382.01s, Epoch Loss: 0.1375, Avg Loss: 0.1371
--------------------------------------------------------------------------------
Epoch: 1950/2000, Epoch time: 22.98s, Total time: 44607.49s, Epoch Loss: 0.1364, Avg Loss: 0.1371
--------------------------------------------------------------------------------
Epoch: 1960/2000, Epoch time: 23.12s, Total time: 44839.87s, Epoch Loss: 0.1364, Avg Loss: 0.1368
--------------------------------------------------------------------------------
Epoch: 1970/2000, Epoch time: 22.78s, Total time: 45068.92s, Epoch Loss: 0.1365, Avg Loss: 0.1366
--------------------------------------------------------------------------------
Epoch: 1980/2000, Epoch time: 23.28s, Total time: 45298.85s, Epoch Loss: 0.1368, Avg Loss: 0.1364
--------------------------------------------------------------------------------
Epoch: 1990/2000, Epoch time: 23.80s, Total time: 45534.66s, Epoch Loss: 0.1361, Avg Loss: 0.1362
--------------------------------------------------------------------------------
Epoch: 2000/2000, Epoch time: 23.02s, Total time: 45768.21s, Epoch Loss: 0.1358, Avg Loss: 0.1362
--------------------------------------------------------------------------------
Model saved to /mnt/ssd1/hsj/encore/model/tranformer-01-07/encore_transformer_2000.pt
Training finished after 2000 epochs in 45768.44s
