nohup: ignoring input
starting rank: 1, n_size: 30, n_interval: 30, start_token: 900
starting rank: 2, n_size: 30, n_interval: 30, start_token: 900
starting rank: 3, n_size: 30, n_interval: 30, start_token: 900
starting rank: 0, n_size: 30, n_interval: 30, start_token: 900
Rank: 0, Trainset size: 1281489
Rank: 0, Total params: 37091844, Trainable params: 37091844
Rank: 3, Trainset size: 1281489
Rank: 0, Model loaded from /mnt/ssd1/hsj/encore/icbc/model/transformer-01-08/encore_transformer_100.pt
Rank: 3, Total params: 37091844, Trainable params: 37091844
Rank: 3, Model loaded from /mnt/ssd1/hsj/encore/icbc/model/transformer-01-08/encore_transformer_100.pt
Rank: 2, Trainset size: 1281489
Rank: 2, Total params: 37091844, Trainable params: 37091844
Rank: 2, Model loaded from /mnt/ssd1/hsj/encore/icbc/model/transformer-01-08/encore_transformer_100.pt
Rank: 1, Trainset size: 1281489
Rank: 1, Total params: 37091844, Trainable params: 37091844
Rank: 1, Model loaded from /mnt/ssd1/hsj/encore/icbc/model/transformer-01-08/encore_transformer_100.pt
Epoch: 1/200, Epoch time: 180.07s, Total time: 180.07s, Epoch Loss: 0.1402, Avg Loss: 0.1402
--------------------------------------------------------------------------------
Epoch: 2/200, Epoch time: 182.65s, Total time: 362.72s, Epoch Loss: 0.1395, Avg Loss: 0.1395
--------------------------------------------------------------------------------
Epoch: 3/200, Epoch time: 181.72s, Total time: 544.44s, Epoch Loss: 0.1388, Avg Loss: 0.1388
--------------------------------------------------------------------------------
Epoch: 4/200, Epoch time: 181.72s, Total time: 726.16s, Epoch Loss: 0.1388, Avg Loss: 0.1388
--------------------------------------------------------------------------------
Epoch: 5/200, Epoch time: 182.60s, Total time: 908.76s, Epoch Loss: 0.1384, Avg Loss: 0.1384
--------------------------------------------------------------------------------
Epoch: 6/200, Epoch time: 184.56s, Total time: 1093.31s, Epoch Loss: 0.1379, Avg Loss: 0.1379
--------------------------------------------------------------------------------
Epoch: 7/200, Epoch time: 183.41s, Total time: 1276.72s, Epoch Loss: 0.1377, Avg Loss: 0.1377
--------------------------------------------------------------------------------
Epoch: 8/200, Epoch time: 181.47s, Total time: 1458.19s, Epoch Loss: 0.1371, Avg Loss: 0.1371
--------------------------------------------------------------------------------
Epoch: 9/200, Epoch time: 181.97s, Total time: 1640.16s, Epoch Loss: 0.1368, Avg Loss: 0.1368
--------------------------------------------------------------------------------
Epoch: 10/200, Epoch time: 184.06s, Total time: 1824.22s, Epoch Loss: 0.1363, Avg Loss: 0.1363
--------------------------------------------------------------------------------
Model saved to /mnt/ssd1/hsj/encore/{dataset}/model/transformer-01-09/encore_transformer_10.pt
Epoch: 11/200, Epoch time: 182.72s, Total time: 2007.13s, Epoch Loss: 0.1362, Avg Loss: 0.1362
--------------------------------------------------------------------------------
Epoch: 12/200, Epoch time: 181.96s, Total time: 2189.09s, Epoch Loss: 0.1361, Avg Loss: 0.1361
--------------------------------------------------------------------------------
Epoch: 13/200, Epoch time: 182.64s, Total time: 2371.73s, Epoch Loss: 0.1353, Avg Loss: 0.1353
--------------------------------------------------------------------------------
Epoch: 14/200, Epoch time: 183.94s, Total time: 2555.67s, Epoch Loss: 0.1352, Avg Loss: 0.1352
--------------------------------------------------------------------------------
Epoch: 15/200, Epoch time: 181.99s, Total time: 2737.66s, Epoch Loss: 0.1347, Avg Loss: 0.1347
--------------------------------------------------------------------------------
Epoch: 16/200, Epoch time: 181.93s, Total time: 2919.60s, Epoch Loss: 0.1344, Avg Loss: 0.1344
--------------------------------------------------------------------------------
Epoch: 17/200, Epoch time: 183.46s, Total time: 3103.06s, Epoch Loss: 0.1341, Avg Loss: 0.1341
--------------------------------------------------------------------------------
Epoch: 18/200, Epoch time: 184.01s, Total time: 3287.07s, Epoch Loss: 0.1340, Avg Loss: 0.1340
--------------------------------------------------------------------------------
Epoch: 19/200, Epoch time: 181.60s, Total time: 3468.67s, Epoch Loss: 0.1338, Avg Loss: 0.1338
--------------------------------------------------------------------------------
Epoch: 20/200, Epoch time: 181.83s, Total time: 3650.49s, Epoch Loss: 0.1333, Avg Loss: 0.1333
--------------------------------------------------------------------------------
Model saved to /mnt/ssd1/hsj/encore/{dataset}/model/transformer-01-09/encore_transformer_20.pt
Epoch: 21/200, Epoch time: 183.57s, Total time: 3834.25s, Epoch Loss: 0.1330, Avg Loss: 0.1330
--------------------------------------------------------------------------------
Epoch: 22/200, Epoch time: 182.79s, Total time: 4017.04s, Epoch Loss: 0.1327, Avg Loss: 0.1327
--------------------------------------------------------------------------------
Epoch: 23/200, Epoch time: 181.94s, Total time: 4198.99s, Epoch Loss: 0.1322, Avg Loss: 0.1322
--------------------------------------------------------------------------------
Epoch: 24/200, Epoch time: 183.27s, Total time: 4382.26s, Epoch Loss: 0.1319, Avg Loss: 0.1319
--------------------------------------------------------------------------------
Epoch: 25/200, Epoch time: 185.88s, Total time: 4568.14s, Epoch Loss: 0.1318, Avg Loss: 0.1318
--------------------------------------------------------------------------------
Epoch: 26/200, Epoch time: 183.79s, Total time: 4751.93s, Epoch Loss: 0.1319, Avg Loss: 0.1319
--------------------------------------------------------------------------------
Epoch: 27/200, Epoch time: 182.46s, Total time: 4934.39s, Epoch Loss: 0.1314, Avg Loss: 0.1314
--------------------------------------------------------------------------------
Epoch: 28/200, Epoch time: 183.40s, Total time: 5117.78s, Epoch Loss: 0.1312, Avg Loss: 0.1312
--------------------------------------------------------------------------------
Epoch: 29/200, Epoch time: 185.53s, Total time: 5303.32s, Epoch Loss: 0.1308, Avg Loss: 0.1308
--------------------------------------------------------------------------------
Epoch: 30/200, Epoch time: 183.70s, Total time: 5487.02s, Epoch Loss: 0.1305, Avg Loss: 0.1305
--------------------------------------------------------------------------------
Model saved to /mnt/ssd1/hsj/encore/{dataset}/model/transformer-01-09/encore_transformer_30.pt
Epoch: 31/200, Epoch time: 182.29s, Total time: 5669.49s, Epoch Loss: 0.1302, Avg Loss: 0.1302
--------------------------------------------------------------------------------
Epoch: 32/200, Epoch time: 182.54s, Total time: 5852.03s, Epoch Loss: 0.1299, Avg Loss: 0.1299
--------------------------------------------------------------------------------
Epoch: 33/200, Epoch time: 184.53s, Total time: 6036.56s, Epoch Loss: 0.1295, Avg Loss: 0.1295
--------------------------------------------------------------------------------
Epoch: 34/200, Epoch time: 182.19s, Total time: 6218.76s, Epoch Loss: 0.1293, Avg Loss: 0.1293
--------------------------------------------------------------------------------
Epoch: 35/200, Epoch time: 181.43s, Total time: 6400.19s, Epoch Loss: 0.1290, Avg Loss: 0.1290
--------------------------------------------------------------------------------
Epoch: 36/200, Epoch time: 182.33s, Total time: 6582.52s, Epoch Loss: 0.1287, Avg Loss: 0.1287
--------------------------------------------------------------------------------
Epoch: 37/200, Epoch time: 183.48s, Total time: 6766.00s, Epoch Loss: 0.1287, Avg Loss: 0.1287
--------------------------------------------------------------------------------
Epoch: 38/200, Epoch time: 181.79s, Total time: 6947.80s, Epoch Loss: 0.1287, Avg Loss: 0.1287
--------------------------------------------------------------------------------
Epoch: 39/200, Epoch time: 181.00s, Total time: 7128.80s, Epoch Loss: 0.1284, Avg Loss: 0.1284
--------------------------------------------------------------------------------
Epoch: 40/200, Epoch time: 182.21s, Total time: 7311.01s, Epoch Loss: 0.1281, Avg Loss: 0.1281
--------------------------------------------------------------------------------
Model saved to /mnt/ssd1/hsj/encore/{dataset}/model/transformer-01-09/encore_transformer_40.pt
Epoch: 41/200, Epoch time: 183.56s, Total time: 7494.75s, Epoch Loss: 0.1277, Avg Loss: 0.1277
--------------------------------------------------------------------------------
Epoch: 42/200, Epoch time: 181.53s, Total time: 7676.28s, Epoch Loss: 0.1277, Avg Loss: 0.1277
--------------------------------------------------------------------------------
Epoch: 43/200, Epoch time: 180.86s, Total time: 7857.15s, Epoch Loss: 0.1274, Avg Loss: 0.1274
--------------------------------------------------------------------------------
Epoch: 44/200, Epoch time: 181.86s, Total time: 8039.01s, Epoch Loss: 0.1270, Avg Loss: 0.1270
--------------------------------------------------------------------------------
Epoch: 45/200, Epoch time: 189.65s, Total time: 8228.66s, Epoch Loss: 0.1267, Avg Loss: 0.1267
--------------------------------------------------------------------------------
Epoch: 46/200, Epoch time: 181.65s, Total time: 8410.30s, Epoch Loss: 0.1266, Avg Loss: 0.1266
--------------------------------------------------------------------------------
Epoch: 47/200, Epoch time: 180.87s, Total time: 8591.18s, Epoch Loss: 0.1264, Avg Loss: 0.1264
--------------------------------------------------------------------------------
Epoch: 48/200, Epoch time: 181.81s, Total time: 8772.98s, Epoch Loss: 0.1262, Avg Loss: 0.1262
--------------------------------------------------------------------------------
Epoch: 49/200, Epoch time: 183.80s, Total time: 8956.78s, Epoch Loss: 0.1262, Avg Loss: 0.1262
--------------------------------------------------------------------------------
Epoch: 50/200, Epoch time: 181.67s, Total time: 9138.44s, Epoch Loss: 0.1260, Avg Loss: 0.1260
--------------------------------------------------------------------------------
Model saved to /mnt/ssd1/hsj/encore/{dataset}/model/transformer-01-09/encore_transformer_50.pt
Epoch: 51/200, Epoch time: 180.69s, Total time: 9319.31s, Epoch Loss: 0.1257, Avg Loss: 0.1257
--------------------------------------------------------------------------------
Epoch: 52/200, Epoch time: 181.66s, Total time: 9500.97s, Epoch Loss: 0.1254, Avg Loss: 0.1254
--------------------------------------------------------------------------------
Epoch: 53/200, Epoch time: 183.68s, Total time: 9684.65s, Epoch Loss: 0.1250, Avg Loss: 0.1250
--------------------------------------------------------------------------------
Epoch: 54/200, Epoch time: 182.01s, Total time: 9866.66s, Epoch Loss: 0.1249, Avg Loss: 0.1249
--------------------------------------------------------------------------------
Epoch: 55/200, Epoch time: 181.18s, Total time: 10047.84s, Epoch Loss: 0.1249, Avg Loss: 0.1249
--------------------------------------------------------------------------------
Epoch: 56/200, Epoch time: 182.11s, Total time: 10229.95s, Epoch Loss: 0.1245, Avg Loss: 0.1245
--------------------------------------------------------------------------------
Epoch: 57/200, Epoch time: 183.53s, Total time: 10413.48s, Epoch Loss: 0.1243, Avg Loss: 0.1243
--------------------------------------------------------------------------------
Epoch: 58/200, Epoch time: 181.53s, Total time: 10595.01s, Epoch Loss: 0.1241, Avg Loss: 0.1241
--------------------------------------------------------------------------------
Epoch: 59/200, Epoch time: 181.11s, Total time: 10776.12s, Epoch Loss: 0.1239, Avg Loss: 0.1239
--------------------------------------------------------------------------------
Epoch: 60/200, Epoch time: 182.49s, Total time: 10958.61s, Epoch Loss: 0.1241, Avg Loss: 0.1241
--------------------------------------------------------------------------------
Model saved to /mnt/ssd1/hsj/encore/{dataset}/model/transformer-01-09/encore_transformer_60.pt
Epoch: 61/200, Epoch time: 183.35s, Total time: 11142.15s, Epoch Loss: 0.1236, Avg Loss: 0.1236
--------------------------------------------------------------------------------
Epoch: 62/200, Epoch time: 180.88s, Total time: 11323.03s, Epoch Loss: 0.1233, Avg Loss: 0.1233
--------------------------------------------------------------------------------
Epoch: 63/200, Epoch time: 180.90s, Total time: 11503.93s, Epoch Loss: 0.1233, Avg Loss: 0.1233
--------------------------------------------------------------------------------
Epoch: 64/200, Epoch time: 182.63s, Total time: 11686.56s, Epoch Loss: 0.1232, Avg Loss: 0.1232
--------------------------------------------------------------------------------
Epoch: 65/200, Epoch time: 183.33s, Total time: 11869.89s, Epoch Loss: 0.1229, Avg Loss: 0.1229
--------------------------------------------------------------------------------
Epoch: 66/200, Epoch time: 181.16s, Total time: 12051.05s, Epoch Loss: 0.1228, Avg Loss: 0.1228
--------------------------------------------------------------------------------
Epoch: 67/200, Epoch time: 181.11s, Total time: 12232.16s, Epoch Loss: 0.1224, Avg Loss: 0.1224
--------------------------------------------------------------------------------
Epoch: 68/200, Epoch time: 182.86s, Total time: 12415.01s, Epoch Loss: 0.1225, Avg Loss: 0.1225
--------------------------------------------------------------------------------
Epoch: 69/200, Epoch time: 184.40s, Total time: 12599.41s, Epoch Loss: 0.1223, Avg Loss: 0.1223
--------------------------------------------------------------------------------
Epoch: 70/200, Epoch time: 181.41s, Total time: 12780.82s, Epoch Loss: 0.1219, Avg Loss: 0.1219
--------------------------------------------------------------------------------
Model saved to /mnt/ssd1/hsj/encore/{dataset}/model/transformer-01-09/encore_transformer_70.pt
Epoch: 71/200, Epoch time: 180.77s, Total time: 12961.77s, Epoch Loss: 0.1215, Avg Loss: 0.1215
--------------------------------------------------------------------------------
Epoch: 72/200, Epoch time: 182.32s, Total time: 13144.09s, Epoch Loss: 0.1216, Avg Loss: 0.1216
--------------------------------------------------------------------------------
Epoch: 73/200, Epoch time: 183.25s, Total time: 13327.34s, Epoch Loss: 0.1218, Avg Loss: 0.1218
--------------------------------------------------------------------------------
Epoch: 74/200, Epoch time: 181.27s, Total time: 13508.61s, Epoch Loss: 0.1214, Avg Loss: 0.1214
--------------------------------------------------------------------------------
Epoch: 75/200, Epoch time: 181.55s, Total time: 13690.16s, Epoch Loss: 0.1212, Avg Loss: 0.1212
--------------------------------------------------------------------------------
Epoch: 76/200, Epoch time: 182.87s, Total time: 13873.03s, Epoch Loss: 0.1210, Avg Loss: 0.1210
--------------------------------------------------------------------------------
Epoch: 77/200, Epoch time: 183.54s, Total time: 14056.57s, Epoch Loss: 0.1207, Avg Loss: 0.1207
--------------------------------------------------------------------------------
Epoch: 78/200, Epoch time: 181.16s, Total time: 14237.73s, Epoch Loss: 0.1205, Avg Loss: 0.1205
--------------------------------------------------------------------------------
Epoch: 79/200, Epoch time: 181.34s, Total time: 14419.07s, Epoch Loss: 0.1205, Avg Loss: 0.1205
--------------------------------------------------------------------------------
Epoch: 80/200, Epoch time: 182.81s, Total time: 14601.87s, Epoch Loss: 0.1203, Avg Loss: 0.1203
--------------------------------------------------------------------------------
Model saved to /mnt/ssd1/hsj/encore/{dataset}/model/transformer-01-09/encore_transformer_80.pt
Epoch: 81/200, Epoch time: 183.05s, Total time: 14785.10s, Epoch Loss: 0.1200, Avg Loss: 0.1200
--------------------------------------------------------------------------------
Epoch: 82/200, Epoch time: 181.20s, Total time: 14966.31s, Epoch Loss: 0.1202, Avg Loss: 0.1202
--------------------------------------------------------------------------------
Epoch: 83/200, Epoch time: 181.03s, Total time: 15147.33s, Epoch Loss: 0.1198, Avg Loss: 0.1198
--------------------------------------------------------------------------------
Epoch: 84/200, Epoch time: 182.93s, Total time: 15330.26s, Epoch Loss: 0.1197, Avg Loss: 0.1197
--------------------------------------------------------------------------------
Epoch: 85/200, Epoch time: 182.71s, Total time: 15512.97s, Epoch Loss: 0.1193, Avg Loss: 0.1193
--------------------------------------------------------------------------------
Epoch: 86/200, Epoch time: 180.73s, Total time: 15693.70s, Epoch Loss: 0.1193, Avg Loss: 0.1193
--------------------------------------------------------------------------------
Epoch: 87/200, Epoch time: 180.65s, Total time: 15874.35s, Epoch Loss: 0.1191, Avg Loss: 0.1191
--------------------------------------------------------------------------------
Epoch: 88/200, Epoch time: 182.72s, Total time: 16057.07s, Epoch Loss: 0.1190, Avg Loss: 0.1190
--------------------------------------------------------------------------------
Epoch: 89/200, Epoch time: 182.27s, Total time: 16239.34s, Epoch Loss: 0.1189, Avg Loss: 0.1189
--------------------------------------------------------------------------------
Epoch: 90/200, Epoch time: 180.43s, Total time: 16419.77s, Epoch Loss: 0.1187, Avg Loss: 0.1187
--------------------------------------------------------------------------------
Model saved to /mnt/ssd1/hsj/encore/{dataset}/model/transformer-01-09/encore_transformer_90.pt
Epoch: 91/200, Epoch time: 180.66s, Total time: 16600.62s, Epoch Loss: 0.1187, Avg Loss: 0.1187
--------------------------------------------------------------------------------
Epoch: 92/200, Epoch time: 182.74s, Total time: 16783.36s, Epoch Loss: 0.1184, Avg Loss: 0.1184
--------------------------------------------------------------------------------
Epoch: 93/200, Epoch time: 182.48s, Total time: 16965.84s, Epoch Loss: 0.1183, Avg Loss: 0.1183
--------------------------------------------------------------------------------
Epoch: 94/200, Epoch time: 180.48s, Total time: 17146.32s, Epoch Loss: 0.1180, Avg Loss: 0.1180
--------------------------------------------------------------------------------
Epoch: 95/200, Epoch time: 179.90s, Total time: 17326.22s, Epoch Loss: 0.1179, Avg Loss: 0.1179
--------------------------------------------------------------------------------
Epoch: 96/200, Epoch time: 179.81s, Total time: 17506.03s, Epoch Loss: 0.1178, Avg Loss: 0.1178
--------------------------------------------------------------------------------
Epoch: 97/200, Epoch time: 179.96s, Total time: 17686.00s, Epoch Loss: 0.1179, Avg Loss: 0.1179
--------------------------------------------------------------------------------
Epoch: 98/200, Epoch time: 180.62s, Total time: 17866.62s, Epoch Loss: 0.1175, Avg Loss: 0.1175
--------------------------------------------------------------------------------
Epoch: 99/200, Epoch time: 182.16s, Total time: 18048.79s, Epoch Loss: 0.1176, Avg Loss: 0.1176
--------------------------------------------------------------------------------
Epoch: 100/200, Epoch time: 183.40s, Total time: 18232.19s, Epoch Loss: 0.1172, Avg Loss: 0.1172
--------------------------------------------------------------------------------
Model saved to /mnt/ssd1/hsj/encore/{dataset}/model/transformer-01-09/encore_transformer_100.pt
Epoch: 101/200, Epoch time: 181.22s, Total time: 18413.58s, Epoch Loss: 0.1170, Avg Loss: 0.1170
--------------------------------------------------------------------------------
Epoch: 102/200, Epoch time: 180.45s, Total time: 18594.04s, Epoch Loss: 0.1171, Avg Loss: 0.1171
--------------------------------------------------------------------------------
Epoch: 103/200, Epoch time: 181.38s, Total time: 18775.42s, Epoch Loss: 0.1170, Avg Loss: 0.1170
--------------------------------------------------------------------------------
Epoch: 104/200, Epoch time: 183.14s, Total time: 18958.56s, Epoch Loss: 0.1172, Avg Loss: 0.1172
--------------------------------------------------------------------------------
Epoch: 105/200, Epoch time: 181.50s, Total time: 19140.06s, Epoch Loss: 0.1164, Avg Loss: 0.1164
--------------------------------------------------------------------------------
Epoch: 106/200, Epoch time: 180.55s, Total time: 19320.61s, Epoch Loss: 0.1166, Avg Loss: 0.1166
--------------------------------------------------------------------------------
Epoch: 107/200, Epoch time: 181.27s, Total time: 19501.88s, Epoch Loss: 0.1163, Avg Loss: 0.1163
--------------------------------------------------------------------------------
Epoch: 108/200, Epoch time: 183.64s, Total time: 19685.52s, Epoch Loss: 0.1163, Avg Loss: 0.1163
--------------------------------------------------------------------------------
Epoch: 109/200, Epoch time: 181.61s, Total time: 19867.13s, Epoch Loss: 0.1162, Avg Loss: 0.1162
--------------------------------------------------------------------------------
Epoch: 110/200, Epoch time: 180.33s, Total time: 20047.46s, Epoch Loss: 0.1161, Avg Loss: 0.1161
--------------------------------------------------------------------------------
Model saved to /mnt/ssd1/hsj/encore/{dataset}/model/transformer-01-09/encore_transformer_110.pt
Epoch: 111/200, Epoch time: 181.33s, Total time: 20228.97s, Epoch Loss: 0.1160, Avg Loss: 0.1160
--------------------------------------------------------------------------------
Epoch: 112/200, Epoch time: 183.29s, Total time: 20412.27s, Epoch Loss: 0.1155, Avg Loss: 0.1155
--------------------------------------------------------------------------------
Epoch: 113/200, Epoch time: 181.54s, Total time: 20593.81s, Epoch Loss: 0.1156, Avg Loss: 0.1156
--------------------------------------------------------------------------------
Epoch: 114/200, Epoch time: 180.39s, Total time: 20774.20s, Epoch Loss: 0.1155, Avg Loss: 0.1155
--------------------------------------------------------------------------------
Epoch: 115/200, Epoch time: 181.04s, Total time: 20955.25s, Epoch Loss: 0.1152, Avg Loss: 0.1152
--------------------------------------------------------------------------------
Epoch: 116/200, Epoch time: 182.98s, Total time: 21138.23s, Epoch Loss: 0.1152, Avg Loss: 0.1152
--------------------------------------------------------------------------------
Epoch: 117/200, Epoch time: 181.67s, Total time: 21319.90s, Epoch Loss: 0.1151, Avg Loss: 0.1151
--------------------------------------------------------------------------------
Epoch: 118/200, Epoch time: 180.55s, Total time: 21500.45s, Epoch Loss: 0.1148, Avg Loss: 0.1148
--------------------------------------------------------------------------------
Epoch: 119/200, Epoch time: 181.26s, Total time: 21681.72s, Epoch Loss: 0.1150, Avg Loss: 0.1150
--------------------------------------------------------------------------------
Epoch: 120/200, Epoch time: 183.40s, Total time: 21865.12s, Epoch Loss: 0.1145, Avg Loss: 0.1145
--------------------------------------------------------------------------------
Model saved to /mnt/ssd1/hsj/encore/{dataset}/model/transformer-01-09/encore_transformer_120.pt
Epoch: 121/200, Epoch time: 181.47s, Total time: 22046.77s, Epoch Loss: 0.1146, Avg Loss: 0.1146
--------------------------------------------------------------------------------
Epoch: 122/200, Epoch time: 180.64s, Total time: 22227.42s, Epoch Loss: 0.1145, Avg Loss: 0.1145
--------------------------------------------------------------------------------
Epoch: 123/200, Epoch time: 181.86s, Total time: 22409.28s, Epoch Loss: 0.1144, Avg Loss: 0.1144
--------------------------------------------------------------------------------
Epoch: 124/200, Epoch time: 183.13s, Total time: 22592.40s, Epoch Loss: 0.1144, Avg Loss: 0.1144
--------------------------------------------------------------------------------
Epoch: 125/200, Epoch time: 180.84s, Total time: 22773.24s, Epoch Loss: 0.1141, Avg Loss: 0.1141
--------------------------------------------------------------------------------
Epoch: 126/200, Epoch time: 180.72s, Total time: 22953.96s, Epoch Loss: 0.1139, Avg Loss: 0.1139
--------------------------------------------------------------------------------
Epoch: 127/200, Epoch time: 182.23s, Total time: 23136.19s, Epoch Loss: 0.1139, Avg Loss: 0.1139
--------------------------------------------------------------------------------
Epoch: 128/200, Epoch time: 183.11s, Total time: 23319.30s, Epoch Loss: 0.1137, Avg Loss: 0.1137
--------------------------------------------------------------------------------
Epoch: 129/200, Epoch time: 180.58s, Total time: 23499.88s, Epoch Loss: 0.1138, Avg Loss: 0.1138
--------------------------------------------------------------------------------
Epoch: 130/200, Epoch time: 180.60s, Total time: 23680.48s, Epoch Loss: 0.1138, Avg Loss: 0.1138
--------------------------------------------------------------------------------
Model saved to /mnt/ssd1/hsj/encore/{dataset}/model/transformer-01-09/encore_transformer_130.pt
Epoch: 131/200, Epoch time: 182.08s, Total time: 23862.75s, Epoch Loss: 0.1135, Avg Loss: 0.1135
--------------------------------------------------------------------------------
Epoch: 132/200, Epoch time: 182.97s, Total time: 24045.72s, Epoch Loss: 0.1133, Avg Loss: 0.1133
--------------------------------------------------------------------------------
Epoch: 133/200, Epoch time: 180.81s, Total time: 24226.53s, Epoch Loss: 0.1133, Avg Loss: 0.1133
--------------------------------------------------------------------------------
Epoch: 134/200, Epoch time: 180.63s, Total time: 24407.16s, Epoch Loss: 0.1132, Avg Loss: 0.1132
--------------------------------------------------------------------------------
Epoch: 135/200, Epoch time: 182.19s, Total time: 24589.35s, Epoch Loss: 0.1134, Avg Loss: 0.1134
--------------------------------------------------------------------------------
Epoch: 136/200, Epoch time: 183.02s, Total time: 24772.37s, Epoch Loss: 0.1130, Avg Loss: 0.1130
--------------------------------------------------------------------------------
Epoch: 137/200, Epoch time: 180.58s, Total time: 24952.95s, Epoch Loss: 0.1130, Avg Loss: 0.1130
--------------------------------------------------------------------------------
Epoch: 138/200, Epoch time: 180.86s, Total time: 25133.81s, Epoch Loss: 0.1125, Avg Loss: 0.1125
--------------------------------------------------------------------------------
Epoch: 139/200, Epoch time: 182.44s, Total time: 25316.25s, Epoch Loss: 0.1126, Avg Loss: 0.1126
--------------------------------------------------------------------------------
Epoch: 140/200, Epoch time: 183.06s, Total time: 25499.31s, Epoch Loss: 0.1125, Avg Loss: 0.1125
--------------------------------------------------------------------------------
Model saved to /mnt/ssd1/hsj/encore/{dataset}/model/transformer-01-09/encore_transformer_140.pt
Epoch: 141/200, Epoch time: 180.79s, Total time: 25680.28s, Epoch Loss: 0.1126, Avg Loss: 0.1126
--------------------------------------------------------------------------------
Epoch: 142/200, Epoch time: 180.82s, Total time: 25861.11s, Epoch Loss: 0.1125, Avg Loss: 0.1125
--------------------------------------------------------------------------------
Epoch: 143/200, Epoch time: 182.36s, Total time: 26043.47s, Epoch Loss: 0.1123, Avg Loss: 0.1123
--------------------------------------------------------------------------------
Epoch: 144/200, Epoch time: 182.95s, Total time: 26226.42s, Epoch Loss: 0.1124, Avg Loss: 0.1124
--------------------------------------------------------------------------------
Epoch: 145/200, Epoch time: 180.68s, Total time: 26407.09s, Epoch Loss: 0.1119, Avg Loss: 0.1119
--------------------------------------------------------------------------------
Epoch: 146/200, Epoch time: 180.66s, Total time: 26587.75s, Epoch Loss: 0.1120, Avg Loss: 0.1120
--------------------------------------------------------------------------------
Epoch: 147/200, Epoch time: 182.71s, Total time: 26770.46s, Epoch Loss: 0.1119, Avg Loss: 0.1119
--------------------------------------------------------------------------------
Epoch: 148/200, Epoch time: 182.41s, Total time: 26952.87s, Epoch Loss: 0.1117, Avg Loss: 0.1117
--------------------------------------------------------------------------------
Epoch: 149/200, Epoch time: 180.68s, Total time: 27133.54s, Epoch Loss: 0.1117, Avg Loss: 0.1117
--------------------------------------------------------------------------------
Epoch: 150/200, Epoch time: 180.87s, Total time: 27314.42s, Epoch Loss: 0.1114, Avg Loss: 0.1114
--------------------------------------------------------------------------------
Model saved to /mnt/ssd1/hsj/encore/{dataset}/model/transformer-01-09/encore_transformer_150.pt
Epoch: 151/200, Epoch time: 182.63s, Total time: 27497.23s, Epoch Loss: 0.1113, Avg Loss: 0.1113
--------------------------------------------------------------------------------
Epoch: 152/200, Epoch time: 182.69s, Total time: 27679.92s, Epoch Loss: 0.1113, Avg Loss: 0.1113
--------------------------------------------------------------------------------
Epoch: 153/200, Epoch time: 180.68s, Total time: 27860.60s, Epoch Loss: 0.1113, Avg Loss: 0.1113
--------------------------------------------------------------------------------
Epoch: 154/200, Epoch time: 180.84s, Total time: 28041.45s, Epoch Loss: 0.1111, Avg Loss: 0.1111
--------------------------------------------------------------------------------
Epoch: 155/200, Epoch time: 182.54s, Total time: 28223.98s, Epoch Loss: 0.1108, Avg Loss: 0.1108
--------------------------------------------------------------------------------
Epoch: 156/200, Epoch time: 182.51s, Total time: 28406.50s, Epoch Loss: 0.1110, Avg Loss: 0.1110
--------------------------------------------------------------------------------
Epoch: 157/200, Epoch time: 180.77s, Total time: 28587.26s, Epoch Loss: 0.1110, Avg Loss: 0.1110
--------------------------------------------------------------------------------
Epoch: 158/200, Epoch time: 180.78s, Total time: 28768.04s, Epoch Loss: 0.1110, Avg Loss: 0.1110
--------------------------------------------------------------------------------
Epoch: 159/200, Epoch time: 182.90s, Total time: 28950.94s, Epoch Loss: 0.1107, Avg Loss: 0.1107
--------------------------------------------------------------------------------
Epoch: 160/200, Epoch time: 182.76s, Total time: 29133.70s, Epoch Loss: 0.1107, Avg Loss: 0.1107
--------------------------------------------------------------------------------
Model saved to /mnt/ssd1/hsj/encore/{dataset}/model/transformer-01-09/encore_transformer_160.pt
Epoch: 161/200, Epoch time: 180.89s, Total time: 29314.77s, Epoch Loss: 0.1105, Avg Loss: 0.1105
--------------------------------------------------------------------------------
Epoch: 162/200, Epoch time: 181.05s, Total time: 29495.82s, Epoch Loss: 0.1101, Avg Loss: 0.1101
--------------------------------------------------------------------------------
Epoch: 163/200, Epoch time: 183.03s, Total time: 29678.84s, Epoch Loss: 0.1103, Avg Loss: 0.1103
--------------------------------------------------------------------------------
Epoch: 164/200, Epoch time: 182.55s, Total time: 29861.39s, Epoch Loss: 0.1104, Avg Loss: 0.1104
--------------------------------------------------------------------------------
Epoch: 165/200, Epoch time: 180.66s, Total time: 30042.05s, Epoch Loss: 0.1099, Avg Loss: 0.1099
--------------------------------------------------------------------------------
Epoch: 166/200, Epoch time: 180.93s, Total time: 30222.99s, Epoch Loss: 0.1100, Avg Loss: 0.1100
--------------------------------------------------------------------------------
Epoch: 167/200, Epoch time: 183.13s, Total time: 30406.11s, Epoch Loss: 0.1099, Avg Loss: 0.1099
--------------------------------------------------------------------------------
Epoch: 168/200, Epoch time: 183.05s, Total time: 30589.16s, Epoch Loss: 0.1099, Avg Loss: 0.1099
--------------------------------------------------------------------------------
Epoch: 169/200, Epoch time: 181.19s, Total time: 30770.35s, Epoch Loss: 0.1094, Avg Loss: 0.1094
--------------------------------------------------------------------------------
Epoch: 170/200, Epoch time: 181.14s, Total time: 30951.49s, Epoch Loss: 0.1096, Avg Loss: 0.1096
--------------------------------------------------------------------------------
Model saved to /mnt/ssd1/hsj/encore/{dataset}/model/transformer-01-09/encore_transformer_170.pt
Epoch: 171/200, Epoch time: 183.15s, Total time: 31134.82s, Epoch Loss: 0.1095, Avg Loss: 0.1095
--------------------------------------------------------------------------------
Epoch: 172/200, Epoch time: 182.13s, Total time: 31316.95s, Epoch Loss: 0.1096, Avg Loss: 0.1096
--------------------------------------------------------------------------------
Epoch: 173/200, Epoch time: 180.64s, Total time: 31497.59s, Epoch Loss: 0.1095, Avg Loss: 0.1095
--------------------------------------------------------------------------------
Epoch: 174/200, Epoch time: 180.95s, Total time: 31678.54s, Epoch Loss: 0.1091, Avg Loss: 0.1091
--------------------------------------------------------------------------------
Epoch: 175/200, Epoch time: 183.02s, Total time: 31861.55s, Epoch Loss: 0.1093, Avg Loss: 0.1093
--------------------------------------------------------------------------------
Epoch: 176/200, Epoch time: 181.55s, Total time: 32043.10s, Epoch Loss: 0.1092, Avg Loss: 0.1092
--------------------------------------------------------------------------------
Epoch: 177/200, Epoch time: 180.75s, Total time: 32223.86s, Epoch Loss: 0.1092, Avg Loss: 0.1092
--------------------------------------------------------------------------------
Epoch: 178/200, Epoch time: 181.28s, Total time: 32405.14s, Epoch Loss: 0.1089, Avg Loss: 0.1089
--------------------------------------------------------------------------------
Epoch: 179/200, Epoch time: 183.47s, Total time: 32588.61s, Epoch Loss: 0.1088, Avg Loss: 0.1088
--------------------------------------------------------------------------------
Epoch: 180/200, Epoch time: 181.64s, Total time: 32770.25s, Epoch Loss: 0.1090, Avg Loss: 0.1090
--------------------------------------------------------------------------------
Model saved to /mnt/ssd1/hsj/encore/{dataset}/model/transformer-01-09/encore_transformer_180.pt
Epoch: 181/200, Epoch time: 180.54s, Total time: 32950.97s, Epoch Loss: 0.1088, Avg Loss: 0.1088
--------------------------------------------------------------------------------
Epoch: 182/200, Epoch time: 181.51s, Total time: 33132.48s, Epoch Loss: 0.1087, Avg Loss: 0.1087
--------------------------------------------------------------------------------
Epoch: 183/200, Epoch time: 183.03s, Total time: 33315.50s, Epoch Loss: 0.1086, Avg Loss: 0.1086
--------------------------------------------------------------------------------
Epoch: 184/200, Epoch time: 181.16s, Total time: 33496.66s, Epoch Loss: 0.1086, Avg Loss: 0.1086
--------------------------------------------------------------------------------
Epoch: 185/200, Epoch time: 180.52s, Total time: 33677.18s, Epoch Loss: 0.1084, Avg Loss: 0.1084
--------------------------------------------------------------------------------
Epoch: 186/200, Epoch time: 181.54s, Total time: 33858.72s, Epoch Loss: 0.1085, Avg Loss: 0.1085
--------------------------------------------------------------------------------
Epoch: 187/200, Epoch time: 183.49s, Total time: 34042.22s, Epoch Loss: 0.1083, Avg Loss: 0.1083
--------------------------------------------------------------------------------
Epoch: 188/200, Epoch time: 181.78s, Total time: 34223.99s, Epoch Loss: 0.1083, Avg Loss: 0.1083
--------------------------------------------------------------------------------
Epoch: 189/200, Epoch time: 180.84s, Total time: 34404.83s, Epoch Loss: 0.1082, Avg Loss: 0.1082
--------------------------------------------------------------------------------
Epoch: 190/200, Epoch time: 181.48s, Total time: 34586.31s, Epoch Loss: 0.1081, Avg Loss: 0.1081
--------------------------------------------------------------------------------
Model saved to /mnt/ssd1/hsj/encore/{dataset}/model/transformer-01-09/encore_transformer_190.pt
Epoch: 191/200, Epoch time: 183.42s, Total time: 34769.91s, Epoch Loss: 0.1079, Avg Loss: 0.1079
--------------------------------------------------------------------------------
Epoch: 192/200, Epoch time: 181.60s, Total time: 34951.51s, Epoch Loss: 0.1082, Avg Loss: 0.1082
--------------------------------------------------------------------------------
Epoch: 193/200, Epoch time: 180.56s, Total time: 35132.07s, Epoch Loss: 0.1080, Avg Loss: 0.1080
--------------------------------------------------------------------------------
Epoch: 194/200, Epoch time: 181.50s, Total time: 35313.58s, Epoch Loss: 0.1077, Avg Loss: 0.1077
--------------------------------------------------------------------------------
Epoch: 195/200, Epoch time: 183.23s, Total time: 35496.81s, Epoch Loss: 0.1079, Avg Loss: 0.1079
--------------------------------------------------------------------------------
Epoch: 196/200, Epoch time: 181.58s, Total time: 35678.39s, Epoch Loss: 0.1077, Avg Loss: 0.1077
--------------------------------------------------------------------------------
Epoch: 197/200, Epoch time: 180.53s, Total time: 35858.92s, Epoch Loss: 0.1076, Avg Loss: 0.1076
--------------------------------------------------------------------------------
Epoch: 198/200, Epoch time: 181.26s, Total time: 36040.17s, Epoch Loss: 0.1076, Avg Loss: 0.1076
--------------------------------------------------------------------------------
Epoch: 199/200, Epoch time: 183.18s, Total time: 36223.35s, Epoch Loss: 0.1075, Avg Loss: 0.1075
--------------------------------------------------------------------------------
Epoch: 200/200, Epoch time: 181.54s, Total time: 36404.89s, Epoch Loss: 0.1075, Avg Loss: 0.1075
--------------------------------------------------------------------------------
Model saved to /mnt/ssd1/hsj/encore/{dataset}/model/transformer-01-09/encore_transformer_200.pt
Training finished after 200 epochs in 36405.06s
