nohup: ignoring input
starting rank: 3, n_size: 30, n_interval: 30, start_token: 900
starting rank: 1, n_size: 30, n_interval: 30, start_token: 900
starting rank: 2, n_size: 30, n_interval: 30, start_token: 900
starting rank: 0, n_size: 30, n_interval: 30, start_token: 900
Rank: 1, Trainset size: 1281489
Rank: 3, Trainset size: 1281489
Rank: 1, Total params: 37091844, Trainable params: 37091844
Rank: 3, Total params: 37091844, Trainable params: 37091844
Rank: 0, Trainset size: 1281489
Rank: 2, Trainset size: 1281489
Rank: 0, Total params: 37091844, Trainable params: 37091844
Rank: 2, Total params: 37091844, Trainable params: 37091844
Epoch: 1/100, Epoch time: 187.01s, Total time: 187.01s, Epoch Loss: 0.6937, Avg Loss: 0.6937
--------------------------------------------------------------------------------
Epoch: 2/100, Epoch time: 190.08s, Total time: 377.09s, Epoch Loss: 0.6243, Avg Loss: 0.6243
--------------------------------------------------------------------------------
Epoch: 3/100, Epoch time: 189.13s, Total time: 566.22s, Epoch Loss: 0.5780, Avg Loss: 0.5780
--------------------------------------------------------------------------------
Epoch: 4/100, Epoch time: 191.51s, Total time: 757.73s, Epoch Loss: 0.5460, Avg Loss: 0.5460
--------------------------------------------------------------------------------
Epoch: 5/100, Epoch time: 191.99s, Total time: 949.73s, Epoch Loss: 0.5176, Avg Loss: 0.5176
--------------------------------------------------------------------------------
Epoch: 6/100, Epoch time: 189.52s, Total time: 1139.24s, Epoch Loss: 0.4900, Avg Loss: 0.4900
--------------------------------------------------------------------------------
Epoch: 7/100, Epoch time: 190.53s, Total time: 1329.77s, Epoch Loss: 0.4621, Avg Loss: 0.4621
--------------------------------------------------------------------------------
Epoch: 8/100, Epoch time: 193.12s, Total time: 1522.89s, Epoch Loss: 0.4354, Avg Loss: 0.4354
--------------------------------------------------------------------------------
Epoch: 9/100, Epoch time: 190.39s, Total time: 1713.28s, Epoch Loss: 0.4108, Avg Loss: 0.4108
--------------------------------------------------------------------------------
Epoch: 10/100, Epoch time: 189.46s, Total time: 1902.74s, Epoch Loss: 0.3885, Avg Loss: 0.3885
--------------------------------------------------------------------------------
Model saved to /mnt/ssd1/hsj/encore/icbc/model/transformer-01-08/encore_transformer_10.pt
Epoch: 11/100, Epoch time: 191.25s, Total time: 2094.48s, Epoch Loss: 0.3691, Avg Loss: 0.3691
--------------------------------------------------------------------------------
Epoch: 12/100, Epoch time: 191.52s, Total time: 2286.00s, Epoch Loss: 0.3519, Avg Loss: 0.3519
--------------------------------------------------------------------------------
Epoch: 13/100, Epoch time: 188.07s, Total time: 2474.07s, Epoch Loss: 0.3352, Avg Loss: 0.3352
--------------------------------------------------------------------------------
Epoch: 14/100, Epoch time: 188.20s, Total time: 2662.27s, Epoch Loss: 0.3217, Avg Loss: 0.3217
--------------------------------------------------------------------------------
Epoch: 15/100, Epoch time: 191.85s, Total time: 2854.13s, Epoch Loss: 0.3090, Avg Loss: 0.3090
--------------------------------------------------------------------------------
Epoch: 16/100, Epoch time: 191.30s, Total time: 3045.43s, Epoch Loss: 0.2975, Avg Loss: 0.2975
--------------------------------------------------------------------------------
Epoch: 17/100, Epoch time: 188.94s, Total time: 3234.38s, Epoch Loss: 0.2879, Avg Loss: 0.2879
--------------------------------------------------------------------------------
Epoch: 18/100, Epoch time: 190.60s, Total time: 3424.97s, Epoch Loss: 0.2793, Avg Loss: 0.2793
--------------------------------------------------------------------------------
Epoch: 19/100, Epoch time: 193.18s, Total time: 3618.15s, Epoch Loss: 0.2709, Avg Loss: 0.2709
--------------------------------------------------------------------------------
Epoch: 20/100, Epoch time: 189.62s, Total time: 3807.78s, Epoch Loss: 0.2633, Avg Loss: 0.2633
--------------------------------------------------------------------------------
Model saved to /mnt/ssd1/hsj/encore/icbc/model/transformer-01-08/encore_transformer_20.pt
Epoch: 21/100, Epoch time: 189.04s, Total time: 3997.00s, Epoch Loss: 0.2568, Avg Loss: 0.2568
--------------------------------------------------------------------------------
Epoch: 22/100, Epoch time: 191.79s, Total time: 4188.79s, Epoch Loss: 0.2505, Avg Loss: 0.2505
--------------------------------------------------------------------------------
Epoch: 23/100, Epoch time: 191.27s, Total time: 4380.06s, Epoch Loss: 0.2450, Avg Loss: 0.2450
--------------------------------------------------------------------------------
Epoch: 24/100, Epoch time: 189.34s, Total time: 4569.40s, Epoch Loss: 0.2396, Avg Loss: 0.2396
--------------------------------------------------------------------------------
Epoch: 25/100, Epoch time: 190.76s, Total time: 4760.16s, Epoch Loss: 0.2351, Avg Loss: 0.2351
--------------------------------------------------------------------------------
Epoch: 26/100, Epoch time: 193.04s, Total time: 4953.20s, Epoch Loss: 0.2312, Avg Loss: 0.2312
--------------------------------------------------------------------------------
Epoch: 27/100, Epoch time: 189.48s, Total time: 5142.68s, Epoch Loss: 0.2267, Avg Loss: 0.2267
--------------------------------------------------------------------------------
Epoch: 28/100, Epoch time: 188.75s, Total time: 5331.43s, Epoch Loss: 0.2230, Avg Loss: 0.2230
--------------------------------------------------------------------------------
Epoch: 29/100, Epoch time: 191.16s, Total time: 5522.59s, Epoch Loss: 0.2190, Avg Loss: 0.2190
--------------------------------------------------------------------------------
Epoch: 30/100, Epoch time: 189.54s, Total time: 5712.13s, Epoch Loss: 0.2157, Avg Loss: 0.2157
--------------------------------------------------------------------------------
Model saved to /mnt/ssd1/hsj/encore/icbc/model/transformer-01-08/encore_transformer_30.pt
Epoch: 31/100, Epoch time: 188.07s, Total time: 5900.42s, Epoch Loss: 0.2125, Avg Loss: 0.2125
--------------------------------------------------------------------------------
Epoch: 32/100, Epoch time: 190.04s, Total time: 6090.46s, Epoch Loss: 0.2095, Avg Loss: 0.2095
--------------------------------------------------------------------------------
Epoch: 33/100, Epoch time: 190.88s, Total time: 6281.34s, Epoch Loss: 0.2065, Avg Loss: 0.2065
--------------------------------------------------------------------------------
Epoch: 34/100, Epoch time: 187.72s, Total time: 6469.06s, Epoch Loss: 0.2041, Avg Loss: 0.2041
--------------------------------------------------------------------------------
Epoch: 35/100, Epoch time: 188.02s, Total time: 6657.08s, Epoch Loss: 0.2013, Avg Loss: 0.2013
--------------------------------------------------------------------------------
Epoch: 36/100, Epoch time: 190.75s, Total time: 6847.83s, Epoch Loss: 0.1991, Avg Loss: 0.1991
--------------------------------------------------------------------------------
Epoch: 37/100, Epoch time: 189.14s, Total time: 7036.97s, Epoch Loss: 0.1971, Avg Loss: 0.1971
--------------------------------------------------------------------------------
Epoch: 38/100, Epoch time: 187.15s, Total time: 7224.12s, Epoch Loss: 0.1949, Avg Loss: 0.1949
--------------------------------------------------------------------------------
Epoch: 39/100, Epoch time: 188.62s, Total time: 7412.74s, Epoch Loss: 0.1929, Avg Loss: 0.1929
--------------------------------------------------------------------------------
Epoch: 40/100, Epoch time: 191.22s, Total time: 7603.96s, Epoch Loss: 0.1906, Avg Loss: 0.1906
--------------------------------------------------------------------------------
Model saved to /mnt/ssd1/hsj/encore/icbc/model/transformer-01-08/encore_transformer_40.pt
Epoch: 41/100, Epoch time: 188.22s, Total time: 7792.37s, Epoch Loss: 0.1887, Avg Loss: 0.1887
--------------------------------------------------------------------------------
Epoch: 42/100, Epoch time: 187.75s, Total time: 7980.12s, Epoch Loss: 0.1872, Avg Loss: 0.1872
--------------------------------------------------------------------------------
Epoch: 43/100, Epoch time: 190.23s, Total time: 8170.35s, Epoch Loss: 0.1856, Avg Loss: 0.1856
--------------------------------------------------------------------------------
Epoch: 44/100, Epoch time: 190.03s, Total time: 8360.39s, Epoch Loss: 0.1836, Avg Loss: 0.1836
--------------------------------------------------------------------------------
Epoch: 45/100, Epoch time: 187.78s, Total time: 8548.17s, Epoch Loss: 0.1821, Avg Loss: 0.1821
--------------------------------------------------------------------------------
Epoch: 46/100, Epoch time: 188.82s, Total time: 8736.98s, Epoch Loss: 0.1808, Avg Loss: 0.1808
--------------------------------------------------------------------------------
Epoch: 47/100, Epoch time: 191.04s, Total time: 8928.03s, Epoch Loss: 0.1794, Avg Loss: 0.1794
--------------------------------------------------------------------------------
Epoch: 48/100, Epoch time: 188.65s, Total time: 9116.68s, Epoch Loss: 0.1778, Avg Loss: 0.1778
--------------------------------------------------------------------------------
Epoch: 49/100, Epoch time: 187.28s, Total time: 9303.96s, Epoch Loss: 0.1767, Avg Loss: 0.1767
--------------------------------------------------------------------------------
Epoch: 50/100, Epoch time: 189.78s, Total time: 9493.74s, Epoch Loss: 0.1755, Avg Loss: 0.1755
--------------------------------------------------------------------------------
Model saved to /mnt/ssd1/hsj/encore/icbc/model/transformer-01-08/encore_transformer_50.pt
Epoch: 51/100, Epoch time: 192.23s, Total time: 9686.16s, Epoch Loss: 0.1740, Avg Loss: 0.1740
--------------------------------------------------------------------------------
Epoch: 52/100, Epoch time: 189.00s, Total time: 9875.16s, Epoch Loss: 0.1727, Avg Loss: 0.1727
--------------------------------------------------------------------------------
Epoch: 53/100, Epoch time: 187.16s, Total time: 10062.32s, Epoch Loss: 0.1716, Avg Loss: 0.1716
--------------------------------------------------------------------------------
Epoch: 54/100, Epoch time: 189.47s, Total time: 10251.80s, Epoch Loss: 0.1703, Avg Loss: 0.1703
--------------------------------------------------------------------------------
Epoch: 55/100, Epoch time: 190.79s, Total time: 10442.58s, Epoch Loss: 0.1695, Avg Loss: 0.1695
--------------------------------------------------------------------------------
Epoch: 56/100, Epoch time: 188.11s, Total time: 10630.69s, Epoch Loss: 0.1684, Avg Loss: 0.1684
--------------------------------------------------------------------------------
Epoch: 57/100, Epoch time: 187.58s, Total time: 10818.27s, Epoch Loss: 0.1673, Avg Loss: 0.1673
--------------------------------------------------------------------------------
Epoch: 58/100, Epoch time: 190.13s, Total time: 11008.40s, Epoch Loss: 0.1666, Avg Loss: 0.1666
--------------------------------------------------------------------------------
Epoch: 59/100, Epoch time: 190.39s, Total time: 11198.80s, Epoch Loss: 0.1655, Avg Loss: 0.1655
--------------------------------------------------------------------------------
Epoch: 60/100, Epoch time: 187.75s, Total time: 11386.54s, Epoch Loss: 0.1648, Avg Loss: 0.1648
--------------------------------------------------------------------------------
Model saved to /mnt/ssd1/hsj/encore/icbc/model/transformer-01-08/encore_transformer_60.pt
Epoch: 61/100, Epoch time: 188.24s, Total time: 11574.98s, Epoch Loss: 0.1636, Avg Loss: 0.1636
--------------------------------------------------------------------------------
Epoch: 62/100, Epoch time: 191.52s, Total time: 11766.50s, Epoch Loss: 0.1628, Avg Loss: 0.1628
--------------------------------------------------------------------------------
Epoch: 63/100, Epoch time: 189.18s, Total time: 11955.69s, Epoch Loss: 0.1620, Avg Loss: 0.1620
--------------------------------------------------------------------------------
Epoch: 64/100, Epoch time: 187.21s, Total time: 12142.89s, Epoch Loss: 0.1613, Avg Loss: 0.1613
--------------------------------------------------------------------------------
Epoch: 65/100, Epoch time: 189.11s, Total time: 12332.00s, Epoch Loss: 0.1605, Avg Loss: 0.1605
--------------------------------------------------------------------------------
Epoch: 66/100, Epoch time: 191.28s, Total time: 12523.28s, Epoch Loss: 0.1595, Avg Loss: 0.1595
--------------------------------------------------------------------------------
Epoch: 67/100, Epoch time: 188.16s, Total time: 12711.44s, Epoch Loss: 0.1587, Avg Loss: 0.1587
--------------------------------------------------------------------------------
Epoch: 68/100, Epoch time: 187.17s, Total time: 12898.61s, Epoch Loss: 0.1580, Avg Loss: 0.1580
--------------------------------------------------------------------------------
Epoch: 69/100, Epoch time: 189.55s, Total time: 13088.16s, Epoch Loss: 0.1573, Avg Loss: 0.1573
--------------------------------------------------------------------------------
Epoch: 70/100, Epoch time: 189.90s, Total time: 13278.06s, Epoch Loss: 0.1563, Avg Loss: 0.1563
--------------------------------------------------------------------------------
Model saved to /mnt/ssd1/hsj/encore/icbc/model/transformer-01-08/encore_transformer_70.pt
Epoch: 71/100, Epoch time: 187.17s, Total time: 13465.41s, Epoch Loss: 0.1554, Avg Loss: 0.1554
--------------------------------------------------------------------------------
Epoch: 72/100, Epoch time: 185.14s, Total time: 13650.55s, Epoch Loss: 0.1549, Avg Loss: 0.1549
--------------------------------------------------------------------------------
Epoch: 73/100, Epoch time: 184.46s, Total time: 13835.01s, Epoch Loss: 0.1545, Avg Loss: 0.1545
--------------------------------------------------------------------------------
Epoch: 74/100, Epoch time: 184.74s, Total time: 14019.75s, Epoch Loss: 0.1537, Avg Loss: 0.1537
--------------------------------------------------------------------------------
Epoch: 75/100, Epoch time: 185.77s, Total time: 14205.52s, Epoch Loss: 0.1530, Avg Loss: 0.1530
--------------------------------------------------------------------------------
Epoch: 76/100, Epoch time: 189.19s, Total time: 14394.71s, Epoch Loss: 0.1524, Avg Loss: 0.1524
--------------------------------------------------------------------------------
Epoch: 77/100, Epoch time: 191.55s, Total time: 14586.26s, Epoch Loss: 0.1516, Avg Loss: 0.1516
--------------------------------------------------------------------------------
Epoch: 78/100, Epoch time: 188.85s, Total time: 14775.11s, Epoch Loss: 0.1509, Avg Loss: 0.1509
--------------------------------------------------------------------------------
Epoch: 79/100, Epoch time: 186.98s, Total time: 14962.09s, Epoch Loss: 0.1505, Avg Loss: 0.1505
--------------------------------------------------------------------------------
Epoch: 80/100, Epoch time: 188.07s, Total time: 15150.16s, Epoch Loss: 0.1499, Avg Loss: 0.1499
--------------------------------------------------------------------------------
Model saved to /mnt/ssd1/hsj/encore/icbc/model/transformer-01-08/encore_transformer_80.pt
Epoch: 81/100, Epoch time: 190.95s, Total time: 15341.30s, Epoch Loss: 0.1493, Avg Loss: 0.1493
--------------------------------------------------------------------------------
Epoch: 82/100, Epoch time: 189.37s, Total time: 15530.67s, Epoch Loss: 0.1488, Avg Loss: 0.1488
--------------------------------------------------------------------------------
Epoch: 83/100, Epoch time: 187.63s, Total time: 15718.30s, Epoch Loss: 0.1481, Avg Loss: 0.1481
--------------------------------------------------------------------------------
Epoch: 84/100, Epoch time: 188.82s, Total time: 15907.12s, Epoch Loss: 0.1477, Avg Loss: 0.1477
--------------------------------------------------------------------------------
Epoch: 85/100, Epoch time: 190.02s, Total time: 16097.14s, Epoch Loss: 0.1469, Avg Loss: 0.1469
--------------------------------------------------------------------------------
Epoch: 86/100, Epoch time: 187.73s, Total time: 16284.86s, Epoch Loss: 0.1465, Avg Loss: 0.1465
--------------------------------------------------------------------------------
Epoch: 87/100, Epoch time: 187.74s, Total time: 16472.60s, Epoch Loss: 0.1459, Avg Loss: 0.1459
--------------------------------------------------------------------------------
Epoch: 88/100, Epoch time: 190.76s, Total time: 16663.37s, Epoch Loss: 0.1453, Avg Loss: 0.1453
--------------------------------------------------------------------------------
Epoch: 89/100, Epoch time: 189.54s, Total time: 16852.90s, Epoch Loss: 0.1451, Avg Loss: 0.1451
--------------------------------------------------------------------------------
Epoch: 90/100, Epoch time: 187.47s, Total time: 17040.38s, Epoch Loss: 0.1446, Avg Loss: 0.1446
--------------------------------------------------------------------------------
Model saved to /mnt/ssd1/hsj/encore/icbc/model/transformer-01-08/encore_transformer_90.pt
Epoch: 91/100, Epoch time: 188.50s, Total time: 17229.06s, Epoch Loss: 0.1443, Avg Loss: 0.1443
--------------------------------------------------------------------------------
Epoch: 92/100, Epoch time: 191.98s, Total time: 17421.04s, Epoch Loss: 0.1435, Avg Loss: 0.1435
--------------------------------------------------------------------------------
Epoch: 93/100, Epoch time: 189.59s, Total time: 17610.63s, Epoch Loss: 0.1434, Avg Loss: 0.1434
--------------------------------------------------------------------------------
Epoch: 94/100, Epoch time: 187.13s, Total time: 17797.76s, Epoch Loss: 0.1427, Avg Loss: 0.1427
--------------------------------------------------------------------------------
Epoch: 95/100, Epoch time: 188.89s, Total time: 17986.66s, Epoch Loss: 0.1420, Avg Loss: 0.1420
--------------------------------------------------------------------------------
Epoch: 96/100, Epoch time: 190.96s, Total time: 18177.61s, Epoch Loss: 0.1419, Avg Loss: 0.1419
--------------------------------------------------------------------------------
Epoch: 97/100, Epoch time: 188.53s, Total time: 18366.15s, Epoch Loss: 0.1416, Avg Loss: 0.1416
--------------------------------------------------------------------------------
Epoch: 98/100, Epoch time: 186.64s, Total time: 18552.79s, Epoch Loss: 0.1410, Avg Loss: 0.1410
--------------------------------------------------------------------------------
Epoch: 99/100, Epoch time: 188.90s, Total time: 18741.69s, Epoch Loss: 0.1406, Avg Loss: 0.1406
--------------------------------------------------------------------------------
Epoch: 100/100, Epoch time: 190.58s, Total time: 18932.27s, Epoch Loss: 0.1401, Avg Loss: 0.1401
--------------------------------------------------------------------------------
Model saved to /mnt/ssd1/hsj/encore/icbc/model/transformer-01-08/encore_transformer_100.pt
Training finished after 100 epochs in 18932.45s
